[2022-04-17 23:13:14,885] {taskinstance.py:1043} INFO - Dependencies all met for <TaskInstance: MyCSVDAG.starting manual__2022-04-17T14:12:53.524253+00:00 [queued]>
[2022-04-17 23:13:14,894] {taskinstance.py:1043} INFO - Dependencies all met for <TaskInstance: MyCSVDAG.starting manual__2022-04-17T14:12:53.524253+00:00 [queued]>
[2022-04-17 23:13:14,894] {taskinstance.py:1249} INFO - 
--------------------------------------------------------------------------------
[2022-04-17 23:13:14,895] {taskinstance.py:1250} INFO - Starting attempt 1 of 2
[2022-04-17 23:13:14,895] {taskinstance.py:1251} INFO - 
--------------------------------------------------------------------------------
[2022-04-17 23:13:14,917] {taskinstance.py:1270} INFO - Executing <Task(BashOperator): starting> on 2022-04-17 14:12:53.524253+00:00
[2022-04-17 23:13:14,919] {standard_task_runner.py:52} INFO - Started process 1098 to run task
[2022-04-17 23:13:14,921] {standard_task_runner.py:79} INFO - Running: ['airflow', 'tasks', 'run', 'MyCSVDAG', 'starting', 'manual__2022-04-17T14:12:53.524253+00:00', '--job-id', '3', '--raw', '--subdir', 'DAGS_FOLDER/csv2json.py', '--cfg-path', '/tmp/tmpixjhmu91', '--error-file', '/tmp/tmpkjljx37p']
[2022-04-17 23:13:14,922] {standard_task_runner.py:80} INFO - Job 3: Subtask starting
[2022-04-17 23:13:14,971] {logging_mixin.py:109} INFO - Running <TaskInstance: MyCSVDAG.starting manual__2022-04-17T14:12:53.524253+00:00 [running]> on host evan.localdomain
[2022-04-17 23:13:15,038] {taskinstance.py:1446} INFO - Exporting the following env vars:
AIRFLOW_CTX_DAG_OWNER=evan
AIRFLOW_CTX_DAG_ID=MyCSVDAG
AIRFLOW_CTX_TASK_ID=starting
AIRFLOW_CTX_EXECUTION_DATE=2022-04-17T14:12:53.524253+00:00
AIRFLOW_CTX_DAG_RUN_ID=manual__2022-04-17T14:12:53.524253+00:00
[2022-04-17 23:13:15,039] {subprocess.py:62} INFO - Tmp dir root location: 
 /tmp
[2022-04-17 23:13:15,040] {subprocess.py:74} INFO - Running command: ['bash', '-c', 'echo "I am reading the CSV now....."']
[2022-04-17 23:13:15,044] {subprocess.py:85} INFO - Output:
[2022-04-17 23:13:15,045] {subprocess.py:89} INFO - I am reading the CSV now.....
[2022-04-17 23:13:15,045] {subprocess.py:93} INFO - Command exited with return code 0
[2022-04-17 23:13:15,073] {taskinstance.py:1278} INFO - Marking task as SUCCESS. dag_id=MyCSVDAG, task_id=starting, execution_date=20220417T141253, start_date=20220417T141314, end_date=20220417T141315
[2022-04-17 23:13:15,134] {local_task_job.py:154} INFO - Task exited with return code 0
[2022-04-17 23:13:15,172] {local_task_job.py:264} INFO - 1 downstream tasks scheduled from follow-on schedule check
