[2022-04-17 23:14:22,106] {taskinstance.py:1043} INFO - Dependencies all met for <TaskInstance: MyCSVDAG.convertCSVtoJson manual__2022-04-17T14:12:53.524253+00:00 [queued]>
[2022-04-17 23:14:22,116] {taskinstance.py:1043} INFO - Dependencies all met for <TaskInstance: MyCSVDAG.convertCSVtoJson manual__2022-04-17T14:12:53.524253+00:00 [queued]>
[2022-04-17 23:14:22,116] {taskinstance.py:1249} INFO - 
--------------------------------------------------------------------------------
[2022-04-17 23:14:22,116] {taskinstance.py:1250} INFO - Starting attempt 1 of 2
[2022-04-17 23:14:22,116] {taskinstance.py:1251} INFO - 
--------------------------------------------------------------------------------
[2022-04-17 23:14:22,141] {taskinstance.py:1270} INFO - Executing <Task(PythonOperator): convertCSVtoJson> on 2022-04-17 14:12:53.524253+00:00
[2022-04-17 23:14:22,144] {standard_task_runner.py:52} INFO - Started process 1951 to run task
[2022-04-17 23:14:22,146] {standard_task_runner.py:79} INFO - Running: ['airflow', 'tasks', 'run', 'MyCSVDAG', 'convertCSVtoJson', 'manual__2022-04-17T14:12:53.524253+00:00', '--job-id', '8', '--raw', '--subdir', 'DAGS_FOLDER/csv2json.py', '--cfg-path', '/tmp/tmpg6cxye38', '--error-file', '/tmp/tmp9lv79e4m']
[2022-04-17 23:14:22,146] {standard_task_runner.py:80} INFO - Job 8: Subtask convertCSVtoJson
[2022-04-17 23:14:22,201] {logging_mixin.py:109} INFO - Running <TaskInstance: MyCSVDAG.convertCSVtoJson manual__2022-04-17T14:12:53.524253+00:00 [running]> on host evan.localdomain
[2022-04-17 23:14:22,292] {taskinstance.py:1446} INFO - Exporting the following env vars:
AIRFLOW_CTX_DAG_OWNER=evan
AIRFLOW_CTX_DAG_ID=MyCSVDAG
AIRFLOW_CTX_TASK_ID=convertCSVtoJson
AIRFLOW_CTX_EXECUTION_DATE=2022-04-17T14:12:53.524253+00:00
AIRFLOW_CTX_DAG_RUN_ID=manual__2022-04-17T14:12:53.524253+00:00
[2022-04-17 23:14:22,337] {logging_mixin.py:109} INFO - Gabriel Gonzalez
[2022-04-17 23:14:22,337] {logging_mixin.py:109} INFO - Gregory Thompson
[2022-04-17 23:14:22,338] {logging_mixin.py:109} INFO - David Farrell
[2022-04-17 23:14:22,338] {logging_mixin.py:109} INFO - Todd Johnson
[2022-04-17 23:14:22,338] {logging_mixin.py:109} INFO - Glenn Barker
[2022-04-17 23:14:22,339] {logging_mixin.py:109} INFO - Shawn Bruce
[2022-04-17 23:14:22,339] {logging_mixin.py:109} INFO - James Lucas
[2022-04-17 23:14:22,340] {logging_mixin.py:109} INFO - Shelly Gray
[2022-04-17 23:14:22,340] {logging_mixin.py:109} INFO - Adam Fisher
[2022-04-17 23:14:22,340] {logging_mixin.py:109} INFO - William Lopez
[2022-04-17 23:14:22,341] {logging_mixin.py:109} INFO - Jon Cunningham
[2022-04-17 23:14:22,341] {logging_mixin.py:109} INFO - Jocelyn Bowen
[2022-04-17 23:14:22,341] {logging_mixin.py:109} INFO - Karen Park
[2022-04-17 23:14:22,342] {logging_mixin.py:109} INFO - Justin Vargas
[2022-04-17 23:14:22,342] {logging_mixin.py:109} INFO - Amy Barnes
[2022-04-17 23:14:22,342] {logging_mixin.py:109} INFO - Corey Whitehead
[2022-04-17 23:14:22,343] {logging_mixin.py:109} INFO - Kimberly Jordan
[2022-04-17 23:14:22,343] {logging_mixin.py:109} INFO - William Proctor
[2022-04-17 23:14:22,343] {logging_mixin.py:109} INFO - Dillon Liu
[2022-04-17 23:14:22,343] {logging_mixin.py:109} INFO - James Jackson
[2022-04-17 23:14:22,344] {logging_mixin.py:109} INFO - Theresa Taylor
[2022-04-17 23:14:22,344] {logging_mixin.py:109} INFO - Brenda Barnes
[2022-04-17 23:14:22,344] {logging_mixin.py:109} INFO - Miss Deborah Roman
[2022-04-17 23:14:22,344] {logging_mixin.py:109} INFO - Andrea Clark
[2022-04-17 23:14:22,345] {logging_mixin.py:109} INFO - Angela Stevens
[2022-04-17 23:14:22,345] {logging_mixin.py:109} INFO - Michael Shepard
[2022-04-17 23:14:22,345] {logging_mixin.py:109} INFO - Tyler Moyer
[2022-04-17 23:14:22,346] {logging_mixin.py:109} INFO - Russell Wallace
[2022-04-17 23:14:22,346] {logging_mixin.py:109} INFO - Catherine Sullivan
[2022-04-17 23:14:22,346] {logging_mixin.py:109} INFO - Derek Harris
[2022-04-17 23:14:22,346] {logging_mixin.py:109} INFO - Charles Austin
[2022-04-17 23:14:22,347] {logging_mixin.py:109} INFO - Jack Lambert
[2022-04-17 23:14:22,347] {logging_mixin.py:109} INFO - Jennifer Hoffman
[2022-04-17 23:14:22,347] {logging_mixin.py:109} INFO - Debra Lewis
[2022-04-17 23:14:22,348] {logging_mixin.py:109} INFO - Elizabeth Berry
[2022-04-17 23:14:22,348] {logging_mixin.py:109} INFO - Donna Page
[2022-04-17 23:14:22,348] {logging_mixin.py:109} INFO - Eric Spence
[2022-04-17 23:14:22,349] {logging_mixin.py:109} INFO - Brandon Garcia
[2022-04-17 23:14:22,349] {logging_mixin.py:109} INFO - Daniel Smith
[2022-04-17 23:14:22,349] {logging_mixin.py:109} INFO - Erin Lester
[2022-04-17 23:14:22,349] {logging_mixin.py:109} INFO - Jerry Simpson
[2022-04-17 23:14:22,350] {logging_mixin.py:109} INFO - Andrew Combs
[2022-04-17 23:14:22,350] {logging_mixin.py:109} INFO - Tonya Green
[2022-04-17 23:14:22,350] {logging_mixin.py:109} INFO - Deanna King
[2022-04-17 23:14:22,350] {logging_mixin.py:109} INFO - Jeremiah Williams
[2022-04-17 23:14:22,351] {logging_mixin.py:109} INFO - Jaclyn Ellis
[2022-04-17 23:14:22,351] {logging_mixin.py:109} INFO - Tiffany Oliver
[2022-04-17 23:14:22,351] {logging_mixin.py:109} INFO - Jordan Lawson
[2022-04-17 23:14:22,352] {logging_mixin.py:109} INFO - Mark Johnson
[2022-04-17 23:14:22,352] {logging_mixin.py:109} INFO - Brittany Bailey
[2022-04-17 23:14:22,352] {logging_mixin.py:109} INFO - Michael Mccoy MD
[2022-04-17 23:14:22,353] {logging_mixin.py:109} INFO - Lisa Quinn
[2022-04-17 23:14:22,353] {logging_mixin.py:109} INFO - Lori Gonzalez
[2022-04-17 23:14:22,353] {logging_mixin.py:109} INFO - Andrew Guzman
[2022-04-17 23:14:22,354] {logging_mixin.py:109} INFO - April Long
[2022-04-17 23:14:22,354] {logging_mixin.py:109} INFO - Joseph Williams
[2022-04-17 23:14:22,354] {logging_mixin.py:109} INFO - Robert Mendoza
[2022-04-17 23:14:22,354] {logging_mixin.py:109} INFO - Jonathan Smith
[2022-04-17 23:14:22,355] {logging_mixin.py:109} INFO - Christine Boyer
[2022-04-17 23:14:22,355] {logging_mixin.py:109} INFO - William Anderson
[2022-04-17 23:14:22,355] {logging_mixin.py:109} INFO - Jessica Garrison
[2022-04-17 23:14:22,356] {logging_mixin.py:109} INFO - Bethany Richards
[2022-04-17 23:14:22,356] {logging_mixin.py:109} INFO - Brent Dominguez
[2022-04-17 23:14:22,356] {logging_mixin.py:109} INFO - Kevin Donovan
[2022-04-17 23:14:22,357] {logging_mixin.py:109} INFO - Brittany Herrera
[2022-04-17 23:14:22,357] {logging_mixin.py:109} INFO - Cynthia Welch
[2022-04-17 23:14:22,357] {logging_mixin.py:109} INFO - Susan Jones
[2022-04-17 23:14:22,357] {logging_mixin.py:109} INFO - Melanie Kelly
[2022-04-17 23:14:22,358] {logging_mixin.py:109} INFO - Lauren Young
[2022-04-17 23:14:22,358] {logging_mixin.py:109} INFO - Terry Moore
[2022-04-17 23:14:22,358] {logging_mixin.py:109} INFO - Amanda Mckenzie
[2022-04-17 23:14:22,359] {logging_mixin.py:109} INFO - Kathleen Mendez
[2022-04-17 23:14:22,359] {logging_mixin.py:109} INFO - Paul Love
[2022-04-17 23:14:22,359] {logging_mixin.py:109} INFO - Jennifer Molina
[2022-04-17 23:14:22,359] {logging_mixin.py:109} INFO - Joseph Lopez
[2022-04-17 23:14:22,360] {logging_mixin.py:109} INFO - Jeffrey Montgomery
[2022-04-17 23:14:22,360] {logging_mixin.py:109} INFO - Sarah Lynch
[2022-04-17 23:14:22,360] {logging_mixin.py:109} INFO - Kathy Hopkins
[2022-04-17 23:14:22,361] {logging_mixin.py:109} INFO - Heidi Gonzalez
[2022-04-17 23:14:22,361] {logging_mixin.py:109} INFO - Raven Smith
[2022-04-17 23:14:22,361] {logging_mixin.py:109} INFO - Danny Douglas
[2022-04-17 23:14:22,362] {logging_mixin.py:109} INFO - Eduardo Harris
[2022-04-17 23:14:22,362] {logging_mixin.py:109} INFO - Lori Hamilton
[2022-04-17 23:14:22,362] {logging_mixin.py:109} INFO - Rachael Olson
[2022-04-17 23:14:22,362] {logging_mixin.py:109} INFO - Paula Novak
[2022-04-17 23:14:22,363] {logging_mixin.py:109} INFO - Brianna Thompson
[2022-04-17 23:14:22,363] {logging_mixin.py:109} INFO - April Townsend
[2022-04-17 23:14:22,363] {logging_mixin.py:109} INFO - Christopher Bird
[2022-04-17 23:14:22,364] {logging_mixin.py:109} INFO - Megan Garcia
[2022-04-17 23:14:22,364] {logging_mixin.py:109} INFO - Teresa Stone
[2022-04-17 23:14:22,364] {logging_mixin.py:109} INFO - Jodi Hughes
[2022-04-17 23:14:22,365] {logging_mixin.py:109} INFO - Janet Taylor PhD
[2022-04-17 23:14:22,365] {logging_mixin.py:109} INFO - Elizabeth Howard
[2022-04-17 23:14:22,365] {logging_mixin.py:109} INFO - Ronald Campbell
[2022-04-17 23:14:22,366] {logging_mixin.py:109} INFO - Victoria Archer
[2022-04-17 23:14:22,366] {logging_mixin.py:109} INFO - Kimberly Warner
[2022-04-17 23:14:22,366] {logging_mixin.py:109} INFO - Gregory Francis
[2022-04-17 23:14:22,366] {logging_mixin.py:109} INFO - Adam Walters
[2022-04-17 23:14:22,367] {logging_mixin.py:109} INFO - Cassandra Wood
[2022-04-17 23:14:22,367] {logging_mixin.py:109} INFO - Terry Jones
[2022-04-17 23:14:22,367] {logging_mixin.py:109} INFO - Gary Mann
[2022-04-17 23:14:22,368] {logging_mixin.py:109} INFO - Thomas Torres
[2022-04-17 23:14:22,368] {logging_mixin.py:109} INFO - Ricardo Neal
[2022-04-17 23:14:22,368] {logging_mixin.py:109} INFO - Paul Olsen
[2022-04-17 23:14:22,369] {logging_mixin.py:109} INFO - Sally Reynolds
[2022-04-17 23:14:22,369] {logging_mixin.py:109} INFO - Richard Miller
[2022-04-17 23:14:22,369] {logging_mixin.py:109} INFO - Kathleen Munoz
[2022-04-17 23:14:22,370] {logging_mixin.py:109} INFO - Ryan Whitney
[2022-04-17 23:14:22,370] {logging_mixin.py:109} INFO - Jason Butler
[2022-04-17 23:14:22,370] {logging_mixin.py:109} INFO - Daniel Pope
[2022-04-17 23:14:22,371] {logging_mixin.py:109} INFO - Lisa Pope
[2022-04-17 23:14:22,371] {logging_mixin.py:109} INFO - Kimberly Mason
[2022-04-17 23:14:22,371] {logging_mixin.py:109} INFO - Rhonda Lucas
[2022-04-17 23:14:22,372] {logging_mixin.py:109} INFO - Russell Bennett
[2022-04-17 23:14:22,372] {logging_mixin.py:109} INFO - Jessica Shaw
[2022-04-17 23:14:22,372] {logging_mixin.py:109} INFO - Timothy Evans
[2022-04-17 23:14:22,373] {logging_mixin.py:109} INFO - Kevin Lewis
[2022-04-17 23:14:22,373] {logging_mixin.py:109} INFO - Julia Burnett
[2022-04-17 23:14:22,373] {logging_mixin.py:109} INFO - Teresa Quinn
[2022-04-17 23:14:22,374] {logging_mixin.py:109} INFO - Jeffrey Lee
[2022-04-17 23:14:22,374] {logging_mixin.py:109} INFO - Theresa Silva
[2022-04-17 23:14:22,374] {logging_mixin.py:109} INFO - Andrea Vargas
[2022-04-17 23:14:22,375] {logging_mixin.py:109} INFO - Robert Barnes
[2022-04-17 23:14:22,375] {logging_mixin.py:109} INFO - Joshua Briggs
[2022-04-17 23:14:22,375] {logging_mixin.py:109} INFO - Lance Moran
[2022-04-17 23:14:22,376] {logging_mixin.py:109} INFO - Dr. Timothy White
[2022-04-17 23:14:22,376] {logging_mixin.py:109} INFO - Melissa Harris
[2022-04-17 23:14:22,376] {logging_mixin.py:109} INFO - Patrick Flores DDS
[2022-04-17 23:14:22,377] {logging_mixin.py:109} INFO - Nathaniel Adams
[2022-04-17 23:14:22,377] {logging_mixin.py:109} INFO - Jason Jenkins
[2022-04-17 23:14:22,377] {logging_mixin.py:109} INFO - Justin Butler
[2022-04-17 23:14:22,378] {logging_mixin.py:109} INFO - Sara Mahoney
[2022-04-17 23:14:22,378] {logging_mixin.py:109} INFO - Carrie Wiley
[2022-04-17 23:14:22,378] {logging_mixin.py:109} INFO - Michael Anderson
[2022-04-17 23:14:22,378] {logging_mixin.py:109} INFO - Arthur Lopez
[2022-04-17 23:14:22,379] {logging_mixin.py:109} INFO - Melanie Wright
[2022-04-17 23:14:22,379] {logging_mixin.py:109} INFO - Joshua Archer
[2022-04-17 23:14:22,380] {logging_mixin.py:109} INFO - Michelle Parker
[2022-04-17 23:14:22,380] {logging_mixin.py:109} INFO - Tyler Conrad
[2022-04-17 23:14:22,380] {logging_mixin.py:109} INFO - Linda Owens
[2022-04-17 23:14:22,380] {logging_mixin.py:109} INFO - Kayla Baxter
[2022-04-17 23:14:22,381] {logging_mixin.py:109} INFO - Kenneth Morrow
[2022-04-17 23:14:22,381] {logging_mixin.py:109} INFO - Martin Navarro
[2022-04-17 23:14:22,381] {logging_mixin.py:109} INFO - Rebecca Byrd
[2022-04-17 23:14:22,382] {logging_mixin.py:109} INFO - Samantha Quinn
[2022-04-17 23:14:22,382] {logging_mixin.py:109} INFO - Deborah Robinson
[2022-04-17 23:14:22,382] {logging_mixin.py:109} INFO - Shane Allen
[2022-04-17 23:14:22,383] {logging_mixin.py:109} INFO - Michael Carter
[2022-04-17 23:14:22,383] {logging_mixin.py:109} INFO - Edward Ellis
[2022-04-17 23:14:22,383] {logging_mixin.py:109} INFO - Gail Arroyo
[2022-04-17 23:14:22,384] {logging_mixin.py:109} INFO - Anita Hess
[2022-04-17 23:14:22,384] {logging_mixin.py:109} INFO - Gregory Gray
[2022-04-17 23:14:22,384] {logging_mixin.py:109} INFO - Monica Brown
[2022-04-17 23:14:22,385] {logging_mixin.py:109} INFO - Brandi Ramirez
[2022-04-17 23:14:22,385] {logging_mixin.py:109} INFO - Keith Jones
[2022-04-17 23:14:22,385] {logging_mixin.py:109} INFO - Daniel Young
[2022-04-17 23:14:22,386] {logging_mixin.py:109} INFO - Pamela Ward
[2022-04-17 23:14:22,386] {logging_mixin.py:109} INFO - Linda Haynes
[2022-04-17 23:14:22,387] {logging_mixin.py:109} INFO - Selena Ayers
[2022-04-17 23:14:22,387] {logging_mixin.py:109} INFO - Nathaniel Mcclain
[2022-04-17 23:14:22,387] {logging_mixin.py:109} INFO - Samuel Miller
[2022-04-17 23:14:22,388] {logging_mixin.py:109} INFO - Benjamin Weber
[2022-04-17 23:14:22,388] {logging_mixin.py:109} INFO - Jonathan Ferguson
[2022-04-17 23:14:22,388] {logging_mixin.py:109} INFO - Kyle Brandt
[2022-04-17 23:14:22,389] {logging_mixin.py:109} INFO - Joshua Peterson
[2022-04-17 23:14:22,389] {logging_mixin.py:109} INFO - David Solis
[2022-04-17 23:14:22,390] {logging_mixin.py:109} INFO - Heather Bell
[2022-04-17 23:14:22,390] {logging_mixin.py:109} INFO - Olivia Wright
[2022-04-17 23:14:22,390] {logging_mixin.py:109} INFO - Sierra Frazier
[2022-04-17 23:14:22,390] {logging_mixin.py:109} INFO - Lauren Jones
[2022-04-17 23:14:22,391] {logging_mixin.py:109} INFO - Ashley Washington
[2022-04-17 23:14:22,391] {logging_mixin.py:109} INFO - Diamond Sanders
[2022-04-17 23:14:22,392] {logging_mixin.py:109} INFO - Amy Orozco
[2022-04-17 23:14:22,392] {logging_mixin.py:109} INFO - Judy Mills
[2022-04-17 23:14:22,392] {logging_mixin.py:109} INFO - Duane Diaz Jr.
[2022-04-17 23:14:22,392] {logging_mixin.py:109} INFO - Emily Fritz
[2022-04-17 23:14:22,393] {logging_mixin.py:109} INFO - Angela Jackson
[2022-04-17 23:14:22,393] {logging_mixin.py:109} INFO - Diane Atkins
[2022-04-17 23:14:22,393] {logging_mixin.py:109} INFO - Jennifer Harrison
[2022-04-17 23:14:22,394] {logging_mixin.py:109} INFO - Kristi Walker
[2022-04-17 23:14:22,394] {logging_mixin.py:109} INFO - Paula Wallace
[2022-04-17 23:14:22,394] {logging_mixin.py:109} INFO - Nathan Reid
[2022-04-17 23:14:22,395] {logging_mixin.py:109} INFO - Ryan Figueroa
[2022-04-17 23:14:22,395] {logging_mixin.py:109} INFO - Jacob Adams
[2022-04-17 23:14:22,395] {logging_mixin.py:109} INFO - Kelly Lewis
[2022-04-17 23:14:22,396] {logging_mixin.py:109} INFO - Lindsey Stewart
[2022-04-17 23:14:22,396] {logging_mixin.py:109} INFO - Jimmy Castro
[2022-04-17 23:14:22,396] {logging_mixin.py:109} INFO - Roger Stewart
[2022-04-17 23:14:22,397] {logging_mixin.py:109} INFO - Brenda Torres MD
[2022-04-17 23:14:22,397] {logging_mixin.py:109} INFO - Lauren Miller
[2022-04-17 23:14:22,397] {logging_mixin.py:109} INFO - Natalie Poole
[2022-04-17 23:14:22,398] {logging_mixin.py:109} INFO - William Smith
[2022-04-17 23:14:22,398] {logging_mixin.py:109} INFO - Mark May
[2022-04-17 23:14:22,399] {logging_mixin.py:109} INFO - Stephanie Montes
[2022-04-17 23:14:22,399] {logging_mixin.py:109} INFO - Cody Rodriguez
[2022-04-17 23:14:22,399] {logging_mixin.py:109} INFO - Steven Arnold
[2022-04-17 23:14:22,400] {logging_mixin.py:109} INFO - Anna Gonzalez
[2022-04-17 23:14:22,400] {logging_mixin.py:109} INFO - Theresa Ramirez
[2022-04-17 23:14:22,400] {logging_mixin.py:109} INFO - Terri Pacheco
[2022-04-17 23:14:22,400] {logging_mixin.py:109} INFO - Kyle Jones
[2022-04-17 23:14:22,401] {logging_mixin.py:109} INFO - Nicholas Sullivan
[2022-04-17 23:14:22,401] {logging_mixin.py:109} INFO - Connie Porter
[2022-04-17 23:14:22,401] {logging_mixin.py:109} INFO - William Garza
[2022-04-17 23:14:22,402] {logging_mixin.py:109} INFO - Deborah Logan
[2022-04-17 23:14:22,402] {logging_mixin.py:109} INFO - Lori Oneal
[2022-04-17 23:14:22,402] {logging_mixin.py:109} INFO - Vincent Graham
[2022-04-17 23:14:22,403] {logging_mixin.py:109} INFO - John Perez
[2022-04-17 23:14:22,403] {logging_mixin.py:109} INFO - Anthony Williams
[2022-04-17 23:14:22,404] {logging_mixin.py:109} INFO - Derek Rogers
[2022-04-17 23:14:22,404] {logging_mixin.py:109} INFO - Jeanne Montoya
[2022-04-17 23:14:22,404] {logging_mixin.py:109} INFO - Jeffery Glass
[2022-04-17 23:14:22,405] {logging_mixin.py:109} INFO - Adam Phillips
[2022-04-17 23:14:22,405] {logging_mixin.py:109} INFO - Tyler Bailey
[2022-04-17 23:14:22,405] {logging_mixin.py:109} INFO - Kimberly Johnson
[2022-04-17 23:14:22,406] {logging_mixin.py:109} INFO - Joshua Dean
[2022-04-17 23:14:22,406] {logging_mixin.py:109} INFO - Dennis Gonzales
[2022-04-17 23:14:22,406] {logging_mixin.py:109} INFO - Brandon Morrison
[2022-04-17 23:14:22,407] {logging_mixin.py:109} INFO - Ricky Johnson
[2022-04-17 23:14:22,407] {logging_mixin.py:109} INFO - Marie Webster
[2022-04-17 23:14:22,407] {logging_mixin.py:109} INFO - Maurice Calhoun
[2022-04-17 23:14:22,408] {logging_mixin.py:109} INFO - Gina Tate
[2022-04-17 23:14:22,408] {logging_mixin.py:109} INFO - Veronica Barker
[2022-04-17 23:14:22,408] {logging_mixin.py:109} INFO - Heather Madden
[2022-04-17 23:14:22,409] {logging_mixin.py:109} INFO - Mariah Graham
[2022-04-17 23:14:22,409] {logging_mixin.py:109} INFO - Brandon Gonzales
[2022-04-17 23:14:22,409] {logging_mixin.py:109} INFO - Glenn Cunningham
[2022-04-17 23:14:22,410] {logging_mixin.py:109} INFO - Robert Reed
[2022-04-17 23:14:22,410] {logging_mixin.py:109} INFO - Vincent Brown
[2022-04-17 23:14:22,410] {logging_mixin.py:109} INFO - Brandy Mcdaniel
[2022-04-17 23:14:22,411] {logging_mixin.py:109} INFO - Michael Tran
[2022-04-17 23:14:22,411] {logging_mixin.py:109} INFO - Adam Randolph
[2022-04-17 23:14:22,411] {logging_mixin.py:109} INFO - Edward Elliott
[2022-04-17 23:14:22,412] {logging_mixin.py:109} INFO - Randy Wolf
[2022-04-17 23:14:22,412] {logging_mixin.py:109} INFO - Chad Burnett
[2022-04-17 23:14:22,412] {logging_mixin.py:109} INFO - Heather Chapman
[2022-04-17 23:14:22,413] {logging_mixin.py:109} INFO - Brandon Clark
[2022-04-17 23:14:22,413] {logging_mixin.py:109} INFO - Colleen Smith
[2022-04-17 23:14:22,413] {logging_mixin.py:109} INFO - Christina Robertson
[2022-04-17 23:14:22,414] {logging_mixin.py:109} INFO - Scott Maxwell
[2022-04-17 23:14:22,414] {logging_mixin.py:109} INFO - Jessica Marks
[2022-04-17 23:14:22,414] {logging_mixin.py:109} INFO - Courtney Hunt
[2022-04-17 23:14:22,415] {logging_mixin.py:109} INFO - Nathan Williams
[2022-04-17 23:14:22,415] {logging_mixin.py:109} INFO - Scott Gordon
[2022-04-17 23:14:22,415] {logging_mixin.py:109} INFO - Justin Mathews
[2022-04-17 23:14:22,415] {logging_mixin.py:109} INFO - Audrey Hawkins
[2022-04-17 23:14:22,416] {logging_mixin.py:109} INFO - Courtney Anderson
[2022-04-17 23:14:22,416] {logging_mixin.py:109} INFO - Laura Vega
[2022-04-17 23:14:22,416] {logging_mixin.py:109} INFO - Frank Shelton
[2022-04-17 23:14:22,417] {logging_mixin.py:109} INFO - Dawn Wolfe
[2022-04-17 23:14:22,417] {logging_mixin.py:109} INFO - Devin Hicks
[2022-04-17 23:14:22,418] {logging_mixin.py:109} INFO - Tristan Ayers
[2022-04-17 23:14:22,418] {logging_mixin.py:109} INFO - Michelle Butler
[2022-04-17 23:14:22,418] {logging_mixin.py:109} INFO - Stephanie Morse
[2022-04-17 23:14:22,419] {logging_mixin.py:109} INFO - Christopher Thompson
[2022-04-17 23:14:22,419] {logging_mixin.py:109} INFO - Amy Valentine
[2022-04-17 23:14:22,419] {logging_mixin.py:109} INFO - Richard Boone
[2022-04-17 23:14:22,420] {logging_mixin.py:109} INFO - Isaiah Campbell
[2022-04-17 23:14:22,420] {logging_mixin.py:109} INFO - Elizabeth Rose MD
[2022-04-17 23:14:22,420] {logging_mixin.py:109} INFO - Carl Blair
[2022-04-17 23:14:22,421] {logging_mixin.py:109} INFO - Nathan Salinas
[2022-04-17 23:14:22,421] {logging_mixin.py:109} INFO - Karen Walker
[2022-04-17 23:14:22,422] {logging_mixin.py:109} INFO - Timothy Miller
[2022-04-17 23:14:22,422] {logging_mixin.py:109} INFO - Justin Morrow
[2022-04-17 23:14:22,422] {logging_mixin.py:109} INFO - Diana Buckley
[2022-04-17 23:14:22,423] {logging_mixin.py:109} INFO - Todd Shaffer
[2022-04-17 23:14:22,423] {logging_mixin.py:109} INFO - Drew Bowman
[2022-04-17 23:14:22,423] {logging_mixin.py:109} INFO - Timothy Meyer
[2022-04-17 23:14:22,424] {logging_mixin.py:109} INFO - David Hall
[2022-04-17 23:14:22,424] {logging_mixin.py:109} INFO - William Neal
[2022-04-17 23:14:22,424] {logging_mixin.py:109} INFO - Michael Rose
[2022-04-17 23:14:22,425] {logging_mixin.py:109} INFO - Joshua Turner
[2022-04-17 23:14:22,425] {logging_mixin.py:109} INFO - Kevin Pacheco
[2022-04-17 23:14:22,425] {logging_mixin.py:109} INFO - Austin Barrett
[2022-04-17 23:14:22,426] {logging_mixin.py:109} INFO - Deanna Garcia
[2022-04-17 23:14:22,426] {logging_mixin.py:109} INFO - Vanessa Obrien
[2022-04-17 23:14:22,427] {logging_mixin.py:109} INFO - Francisco Mitchell
[2022-04-17 23:14:22,427] {logging_mixin.py:109} INFO - Trevor Farrell
[2022-04-17 23:14:22,427] {logging_mixin.py:109} INFO - Sandy Rose
[2022-04-17 23:14:22,428] {logging_mixin.py:109} INFO - Thomas White
[2022-04-17 23:14:22,428] {logging_mixin.py:109} INFO - Joshua Johnson
[2022-04-17 23:14:22,428] {logging_mixin.py:109} INFO - Stephanie Gonzalez MD
[2022-04-17 23:14:22,429] {logging_mixin.py:109} INFO - Brittney Frost
[2022-04-17 23:14:22,429] {logging_mixin.py:109} INFO - Nicholas Henson
[2022-04-17 23:14:22,429] {logging_mixin.py:109} INFO - Alexis Rogers
[2022-04-17 23:14:22,430] {logging_mixin.py:109} INFO - Donna Sanders
[2022-04-17 23:14:22,430] {logging_mixin.py:109} INFO - Craig Wright
[2022-04-17 23:14:22,430] {logging_mixin.py:109} INFO - Jack Sanchez
[2022-04-17 23:14:22,431] {logging_mixin.py:109} INFO - Eric Lewis
[2022-04-17 23:14:22,431] {logging_mixin.py:109} INFO - Colin Brown
[2022-04-17 23:14:22,431] {logging_mixin.py:109} INFO - Lori Freeman
[2022-04-17 23:14:22,432] {logging_mixin.py:109} INFO - Lori Shaw
[2022-04-17 23:14:22,432] {logging_mixin.py:109} INFO - Brian Ward
[2022-04-17 23:14:22,433] {logging_mixin.py:109} INFO - April Mcdaniel
[2022-04-17 23:14:22,433] {logging_mixin.py:109} INFO - Lori Burton
[2022-04-17 23:14:22,433] {logging_mixin.py:109} INFO - Kelly Anderson
[2022-04-17 23:14:22,434] {logging_mixin.py:109} INFO - George Barr
[2022-04-17 23:14:22,434] {logging_mixin.py:109} INFO - Peter Butler
[2022-04-17 23:14:22,435] {logging_mixin.py:109} INFO - Sherri Lee
[2022-04-17 23:14:22,435] {logging_mixin.py:109} INFO - Colin Hughes
[2022-04-17 23:14:22,435] {logging_mixin.py:109} INFO - Victoria Wheeler
[2022-04-17 23:14:22,436] {logging_mixin.py:109} INFO - William Scott
[2022-04-17 23:14:22,436] {logging_mixin.py:109} INFO - Amber Vincent
[2022-04-17 23:14:22,436] {logging_mixin.py:109} INFO - Travis Moore
[2022-04-17 23:14:22,437] {logging_mixin.py:109} INFO - Jerry Charles
[2022-04-17 23:14:22,437] {logging_mixin.py:109} INFO - Patrick Hernandez
[2022-04-17 23:14:22,438] {logging_mixin.py:109} INFO - James Rivas
[2022-04-17 23:14:22,438] {logging_mixin.py:109} INFO - Megan Jones
[2022-04-17 23:14:22,438] {logging_mixin.py:109} INFO - Sarah Martinez
[2022-04-17 23:14:22,439] {logging_mixin.py:109} INFO - Robert Vasquez
[2022-04-17 23:14:22,439] {logging_mixin.py:109} INFO - Jacob Dunn
[2022-04-17 23:14:22,439] {logging_mixin.py:109} INFO - Larry Adams
[2022-04-17 23:14:22,440] {logging_mixin.py:109} INFO - Dr. Sharon Martinez
[2022-04-17 23:14:22,440] {logging_mixin.py:109} INFO - Natalie Macdonald
[2022-04-17 23:14:22,440] {logging_mixin.py:109} INFO - Amanda Rodriguez
[2022-04-17 23:14:22,441] {logging_mixin.py:109} INFO - Tony Miller
[2022-04-17 23:14:22,441] {logging_mixin.py:109} INFO - Megan Franklin
[2022-04-17 23:14:22,441] {logging_mixin.py:109} INFO - Mary Bailey
[2022-04-17 23:14:22,442] {logging_mixin.py:109} INFO - William Golden IV
[2022-04-17 23:14:22,442] {logging_mixin.py:109} INFO - Christina Joseph
[2022-04-17 23:14:22,442] {logging_mixin.py:109} INFO - Sabrina Harris
[2022-04-17 23:14:22,443] {logging_mixin.py:109} INFO - Jason Stephens MD
[2022-04-17 23:14:22,443] {logging_mixin.py:109} INFO - Whitney Castillo
[2022-04-17 23:14:22,443] {logging_mixin.py:109} INFO - Lindsay Collier
[2022-04-17 23:14:22,444] {logging_mixin.py:109} INFO - Sandy Howell
[2022-04-17 23:14:22,444] {logging_mixin.py:109} INFO - Edwin Hawkins
[2022-04-17 23:14:22,444] {logging_mixin.py:109} INFO - Lori Salas
[2022-04-17 23:14:22,445] {logging_mixin.py:109} INFO - Jackie Hill
[2022-04-17 23:14:22,445] {logging_mixin.py:109} INFO - Stacy Cooper
[2022-04-17 23:14:22,445] {logging_mixin.py:109} INFO - Helen Owens
[2022-04-17 23:14:22,446] {logging_mixin.py:109} INFO - Francisco Murphy
[2022-04-17 23:14:22,446] {logging_mixin.py:109} INFO - Laura Rogers
[2022-04-17 23:14:22,446] {logging_mixin.py:109} INFO - Dillon Smith
[2022-04-17 23:14:22,447] {logging_mixin.py:109} INFO - Daniel Wilcox
[2022-04-17 23:14:22,447] {logging_mixin.py:109} INFO - Sherry Oconnell
[2022-04-17 23:14:22,447] {logging_mixin.py:109} INFO - Leah Jackson
[2022-04-17 23:14:22,448] {logging_mixin.py:109} INFO - Jordan Ewing
[2022-04-17 23:14:22,448] {logging_mixin.py:109} INFO - Jessica Shaw
[2022-04-17 23:14:22,449] {logging_mixin.py:109} INFO - Patrick Henderson
[2022-04-17 23:14:22,449] {logging_mixin.py:109} INFO - Heidi Yoder
[2022-04-17 23:14:22,449] {logging_mixin.py:109} INFO - Alexander Knight
[2022-04-17 23:14:22,450] {logging_mixin.py:109} INFO - Luke Reynolds
[2022-04-17 23:14:22,450] {logging_mixin.py:109} INFO - Kevin Estes
[2022-04-17 23:14:22,450] {logging_mixin.py:109} INFO - Miss Kristin Green
[2022-04-17 23:14:22,451] {logging_mixin.py:109} INFO - Justin Garcia
[2022-04-17 23:14:22,451] {logging_mixin.py:109} INFO - Connie Richardson
[2022-04-17 23:14:22,451] {logging_mixin.py:109} INFO - Nicholas Simmons III
[2022-04-17 23:14:22,452] {logging_mixin.py:109} INFO - Joshua Guerra
[2022-04-17 23:14:22,452] {logging_mixin.py:109} INFO - John Nicholson MD
[2022-04-17 23:14:22,453] {logging_mixin.py:109} INFO - Regina Moore
[2022-04-17 23:14:22,453] {logging_mixin.py:109} INFO - Pamela Schmidt
[2022-04-17 23:14:22,453] {logging_mixin.py:109} INFO - John Martinez
[2022-04-17 23:14:22,454] {logging_mixin.py:109} INFO - Samantha Stephens
[2022-04-17 23:14:22,454] {logging_mixin.py:109} INFO - Deanna Adams
[2022-04-17 23:14:22,454] {logging_mixin.py:109} INFO - Kevin Beck
[2022-04-17 23:14:22,454] {logging_mixin.py:109} INFO - Erika Mclean
[2022-04-17 23:14:22,455] {logging_mixin.py:109} INFO - Brenda Hill
[2022-04-17 23:14:22,455] {logging_mixin.py:109} INFO - Stacey Lee
[2022-04-17 23:14:22,455] {logging_mixin.py:109} INFO - Jonathan West
[2022-04-17 23:14:22,456] {logging_mixin.py:109} INFO - Hannah Smith
[2022-04-17 23:14:22,456] {logging_mixin.py:109} INFO - Bradley Webb
[2022-04-17 23:14:22,456] {logging_mixin.py:109} INFO - Charles Sullivan Jr.
[2022-04-17 23:14:22,457] {logging_mixin.py:109} INFO - Mark Anderson
[2022-04-17 23:14:22,457] {logging_mixin.py:109} INFO - Alexander Ortega
[2022-04-17 23:14:22,458] {logging_mixin.py:109} INFO - Brenda Davis
[2022-04-17 23:14:22,458] {logging_mixin.py:109} INFO - Steven Evans
[2022-04-17 23:14:22,458] {logging_mixin.py:109} INFO - Cheryl Wang
[2022-04-17 23:14:22,459] {logging_mixin.py:109} INFO - Laura Manning
[2022-04-17 23:14:22,459] {logging_mixin.py:109} INFO - Thomas Murphy
[2022-04-17 23:14:22,459] {logging_mixin.py:109} INFO - Nicholas Osborne
[2022-04-17 23:14:22,460] {logging_mixin.py:109} INFO - Fred Wright
[2022-04-17 23:14:22,460] {logging_mixin.py:109} INFO - Caitlin Bernard
[2022-04-17 23:14:22,460] {logging_mixin.py:109} INFO - William Cox
[2022-04-17 23:14:22,461] {logging_mixin.py:109} INFO - Benjamin Smith
[2022-04-17 23:14:22,461] {logging_mixin.py:109} INFO - Lisa Phillips
[2022-04-17 23:14:22,461] {logging_mixin.py:109} INFO - Joseph Salazar
[2022-04-17 23:14:22,461] {logging_mixin.py:109} INFO - Dominique Williams
[2022-04-17 23:14:22,462] {logging_mixin.py:109} INFO - Brandon Bowen
[2022-04-17 23:14:22,462] {logging_mixin.py:109} INFO - Deanna Mcconnell
[2022-04-17 23:14:22,463] {logging_mixin.py:109} INFO - Patricia Cummings
[2022-04-17 23:14:22,463] {logging_mixin.py:109} INFO - Justin Ramirez
[2022-04-17 23:14:22,463] {logging_mixin.py:109} INFO - Ralph Rodriguez
[2022-04-17 23:14:22,464] {logging_mixin.py:109} INFO - Brandon Mcbride
[2022-04-17 23:14:22,464] {logging_mixin.py:109} INFO - Austin Campbell
[2022-04-17 23:14:22,464] {logging_mixin.py:109} INFO - Edward Cain
[2022-04-17 23:14:22,465] {logging_mixin.py:109} INFO - Craig Jacobs
[2022-04-17 23:14:22,465] {logging_mixin.py:109} INFO - William Adams
[2022-04-17 23:14:22,466] {logging_mixin.py:109} INFO - Mitchell Harmon
[2022-04-17 23:14:22,466] {logging_mixin.py:109} INFO - Charles Hayes
[2022-04-17 23:14:22,466] {logging_mixin.py:109} INFO - Jonathan King
[2022-04-17 23:14:22,467] {logging_mixin.py:109} INFO - Kathleen Hernandez
[2022-04-17 23:14:22,467] {logging_mixin.py:109} INFO - Ryan Rogers
[2022-04-17 23:14:22,467] {logging_mixin.py:109} INFO - Jeanette Nielsen
[2022-04-17 23:14:22,468] {logging_mixin.py:109} INFO - Leon Sullivan
[2022-04-17 23:14:22,468] {logging_mixin.py:109} INFO - Heather Kelly
[2022-04-17 23:14:22,468] {logging_mixin.py:109} INFO - Matthew Arias
[2022-04-17 23:14:22,469] {logging_mixin.py:109} INFO - Kristen Mayer
[2022-04-17 23:14:22,469] {logging_mixin.py:109} INFO - Lauren Moore
[2022-04-17 23:14:22,469] {logging_mixin.py:109} INFO - Madeline Neal
[2022-04-17 23:14:22,470] {logging_mixin.py:109} INFO - Tim Gonzalez
[2022-04-17 23:14:22,470] {logging_mixin.py:109} INFO - Edward French
[2022-04-17 23:14:22,470] {logging_mixin.py:109} INFO - Roberto Freeman
[2022-04-17 23:14:22,471] {logging_mixin.py:109} INFO - Diane Tate
[2022-04-17 23:14:22,471] {logging_mixin.py:109} INFO - Tina Jacobs
[2022-04-17 23:14:22,472] {logging_mixin.py:109} INFO - Deanna Williams
[2022-04-17 23:14:22,472] {logging_mixin.py:109} INFO - Mario Hall
[2022-04-17 23:14:22,472] {logging_mixin.py:109} INFO - Brittany Morgan
[2022-04-17 23:14:22,473] {logging_mixin.py:109} INFO - Dr. Adam Yates
[2022-04-17 23:14:22,473] {logging_mixin.py:109} INFO - Brandon Rivera
[2022-04-17 23:14:22,473] {logging_mixin.py:109} INFO - Angela Russell
[2022-04-17 23:14:22,474] {logging_mixin.py:109} INFO - Amber Yang
[2022-04-17 23:14:22,474] {logging_mixin.py:109} INFO - Johnny Haynes
[2022-04-17 23:14:22,474] {logging_mixin.py:109} INFO - Sarah Wilson
[2022-04-17 23:14:22,475] {logging_mixin.py:109} INFO - John Adams
[2022-04-17 23:14:22,475] {logging_mixin.py:109} INFO - Steven Alvarado
[2022-04-17 23:14:22,476] {logging_mixin.py:109} INFO - Madeline Lucas
[2022-04-17 23:14:22,476] {logging_mixin.py:109} INFO - Alexis Long
[2022-04-17 23:14:22,476] {logging_mixin.py:109} INFO - Paul White
[2022-04-17 23:14:22,477] {logging_mixin.py:109} INFO - Dr. Crystal Wagner MD
[2022-04-17 23:14:22,477] {logging_mixin.py:109} INFO - Amanda Mclean
[2022-04-17 23:14:22,478] {logging_mixin.py:109} INFO - Sean Williams
[2022-04-17 23:14:22,478] {logging_mixin.py:109} INFO - Kathy Khan
[2022-04-17 23:14:22,478] {logging_mixin.py:109} INFO - Brenda Moore
[2022-04-17 23:14:22,478] {logging_mixin.py:109} INFO - Olivia Hughes
[2022-04-17 23:14:22,479] {logging_mixin.py:109} INFO - Phillip Duncan
[2022-04-17 23:14:22,479] {logging_mixin.py:109} INFO - Jody Rose
[2022-04-17 23:14:22,480] {logging_mixin.py:109} INFO - James Perez
[2022-04-17 23:14:22,481] {logging_mixin.py:109} INFO - Taylor Williams
[2022-04-17 23:14:22,482] {logging_mixin.py:109} INFO - Thomas Lee DVM
[2022-04-17 23:14:22,482] {logging_mixin.py:109} INFO - Adam Robinson
[2022-04-17 23:14:22,483] {logging_mixin.py:109} INFO - Melanie Mcgrath
[2022-04-17 23:14:22,484] {logging_mixin.py:109} INFO - Jordan Rowland
[2022-04-17 23:14:22,484] {logging_mixin.py:109} INFO - Kimberly Ramirez
[2022-04-17 23:14:22,485] {logging_mixin.py:109} INFO - Michael Bryan
[2022-04-17 23:14:22,485] {logging_mixin.py:109} INFO - Sarah Richards
[2022-04-17 23:14:22,485] {logging_mixin.py:109} INFO - Hannah Cook PhD
[2022-04-17 23:14:22,486] {logging_mixin.py:109} INFO - Jesse Miller
[2022-04-17 23:14:22,486] {logging_mixin.py:109} INFO - Nicole Gardner
[2022-04-17 23:14:22,486] {logging_mixin.py:109} INFO - Taylor Cooper
[2022-04-17 23:14:22,487] {logging_mixin.py:109} INFO - Kevin Mejia
[2022-04-17 23:14:22,487] {logging_mixin.py:109} INFO - Katie Brown
[2022-04-17 23:14:22,487] {logging_mixin.py:109} INFO - Deanna Suarez
[2022-04-17 23:14:22,488] {logging_mixin.py:109} INFO - Emily Craig
[2022-04-17 23:14:22,488] {logging_mixin.py:109} INFO - Joy Larson
[2022-04-17 23:14:22,488] {logging_mixin.py:109} INFO - Ellen King
[2022-04-17 23:14:22,489] {logging_mixin.py:109} INFO - Jennifer Thomas
[2022-04-17 23:14:22,489] {logging_mixin.py:109} INFO - Savannah Hernandez
[2022-04-17 23:14:22,490] {logging_mixin.py:109} INFO - Sandra Wallace
[2022-04-17 23:14:22,490] {logging_mixin.py:109} INFO - Justin Schultz
[2022-04-17 23:14:22,490] {logging_mixin.py:109} INFO - Jill Parker
[2022-04-17 23:14:22,491] {logging_mixin.py:109} INFO - Mr. Timothy Warren
[2022-04-17 23:14:22,491] {logging_mixin.py:109} INFO - Raymond Stokes
[2022-04-17 23:14:22,491] {logging_mixin.py:109} INFO - Rachel Daniels
[2022-04-17 23:14:22,492] {logging_mixin.py:109} INFO - Robert Mcdonald
[2022-04-17 23:14:22,492] {logging_mixin.py:109} INFO - Michael Holt
[2022-04-17 23:14:22,492] {logging_mixin.py:109} INFO - Rebecca Turner
[2022-04-17 23:14:22,493] {logging_mixin.py:109} INFO - Caitlin Palmer
[2022-04-17 23:14:22,493] {logging_mixin.py:109} INFO - Zachary Butler
[2022-04-17 23:14:22,494] {logging_mixin.py:109} INFO - Stacey Dickson
[2022-04-17 23:14:22,494] {logging_mixin.py:109} INFO - Jason Phillips
[2022-04-17 23:14:22,494] {logging_mixin.py:109} INFO - Amanda Simpson
[2022-04-17 23:14:22,494] {logging_mixin.py:109} INFO - Jenna Krause
[2022-04-17 23:14:22,495] {logging_mixin.py:109} INFO - Vickie Rodriguez
[2022-04-17 23:14:22,495] {logging_mixin.py:109} INFO - Travis Harris
[2022-04-17 23:14:22,496] {logging_mixin.py:109} INFO - Brian Wilson
[2022-04-17 23:14:22,496] {logging_mixin.py:109} INFO - James Roth
[2022-04-17 23:14:22,496] {logging_mixin.py:109} INFO - Kimberly Owens
[2022-04-17 23:14:22,497] {logging_mixin.py:109} INFO - Brian Sutton
[2022-04-17 23:14:22,497] {logging_mixin.py:109} INFO - Karen Smith
[2022-04-17 23:14:22,497] {logging_mixin.py:109} INFO - Ronald Flores
[2022-04-17 23:14:22,498] {logging_mixin.py:109} INFO - Kristin Ortiz
[2022-04-17 23:14:22,498] {logging_mixin.py:109} INFO - Abigail Williams
[2022-04-17 23:14:22,498] {logging_mixin.py:109} INFO - Alan Johnson
[2022-04-17 23:14:22,499] {logging_mixin.py:109} INFO - Elizabeth Jackson
[2022-04-17 23:14:22,499] {logging_mixin.py:109} INFO - Kelly Grimes
[2022-04-17 23:14:22,500] {logging_mixin.py:109} INFO - Mrs. Jessica Estrada MD
[2022-04-17 23:14:22,500] {logging_mixin.py:109} INFO - Daniel Daugherty
[2022-04-17 23:14:22,500] {logging_mixin.py:109} INFO - Patricia Scott
[2022-04-17 23:14:22,501] {logging_mixin.py:109} INFO - Mark Huerta
[2022-04-17 23:14:22,501] {logging_mixin.py:109} INFO - Nathan Brock
[2022-04-17 23:14:22,501] {logging_mixin.py:109} INFO - Victor Briggs
[2022-04-17 23:14:22,502] {logging_mixin.py:109} INFO - Casey Williams
[2022-04-17 23:14:22,502] {logging_mixin.py:109} INFO - Joseph Hall
[2022-04-17 23:14:22,502] {logging_mixin.py:109} INFO - Kenneth Nolan
[2022-04-17 23:14:22,503] {logging_mixin.py:109} INFO - Alison Marshall
[2022-04-17 23:14:22,503] {logging_mixin.py:109} INFO - Megan Vasquez DVM
[2022-04-17 23:14:22,503] {logging_mixin.py:109} INFO - Casey Lyons
[2022-04-17 23:14:22,504] {logging_mixin.py:109} INFO - Lynn Garcia
[2022-04-17 23:14:22,504] {logging_mixin.py:109} INFO - Andrea Farrell
[2022-04-17 23:14:22,504] {logging_mixin.py:109} INFO - Phillip Larsen
[2022-04-17 23:14:22,505] {logging_mixin.py:109} INFO - Elizabeth Mills
[2022-04-17 23:14:22,505] {logging_mixin.py:109} INFO - Carolyn Lewis
[2022-04-17 23:14:22,505] {logging_mixin.py:109} INFO - Robert Weiss
[2022-04-17 23:14:22,506] {logging_mixin.py:109} INFO - Rebekah Hart
[2022-04-17 23:14:22,506] {logging_mixin.py:109} INFO - Micheal Mccall
[2022-04-17 23:14:22,506] {logging_mixin.py:109} INFO - Mark Martinez
[2022-04-17 23:14:22,507] {logging_mixin.py:109} INFO - Marvin Hines
[2022-04-17 23:14:22,507] {logging_mixin.py:109} INFO - Jesus Simmons
[2022-04-17 23:14:22,507] {logging_mixin.py:109} INFO - Joann Howell
[2022-04-17 23:14:22,508] {logging_mixin.py:109} INFO - Stanley Smith
[2022-04-17 23:14:22,508] {logging_mixin.py:109} INFO - Brian Carter
[2022-04-17 23:14:22,509] {logging_mixin.py:109} INFO - Cassandra Howell
[2022-04-17 23:14:22,509] {logging_mixin.py:109} INFO - April Bennett
[2022-04-17 23:14:22,509] {logging_mixin.py:109} INFO - Michael Moreno
[2022-04-17 23:14:22,509] {logging_mixin.py:109} INFO - Gary Atkins
[2022-04-17 23:14:22,510] {logging_mixin.py:109} INFO - Maxwell Peters
[2022-04-17 23:14:22,510] {logging_mixin.py:109} INFO - Susan Perry
[2022-04-17 23:14:22,510] {logging_mixin.py:109} INFO - Sara Owens
[2022-04-17 23:14:22,511] {logging_mixin.py:109} INFO - Antonio Sharp
[2022-04-17 23:14:22,511] {logging_mixin.py:109} INFO - Mark Patrick
[2022-04-17 23:14:22,511] {logging_mixin.py:109} INFO - Crystal Lee
[2022-04-17 23:14:22,512] {logging_mixin.py:109} INFO - Savannah Chapman
[2022-04-17 23:14:22,512] {logging_mixin.py:109} INFO - Kellie Reid
[2022-04-17 23:14:22,512] {logging_mixin.py:109} INFO - Brandon Smith
[2022-04-17 23:14:22,513] {logging_mixin.py:109} INFO - Steven Wright
[2022-04-17 23:14:22,513] {logging_mixin.py:109} INFO - Hannah Brown
[2022-04-17 23:14:22,513] {logging_mixin.py:109} INFO - Joe Montgomery
[2022-04-17 23:14:22,514] {logging_mixin.py:109} INFO - Lisa Warren
[2022-04-17 23:14:22,514] {logging_mixin.py:109} INFO - Kent Gutierrez
[2022-04-17 23:14:22,515] {logging_mixin.py:109} INFO - Darren Wagner
[2022-04-17 23:14:22,515] {logging_mixin.py:109} INFO - Timothy Kim
[2022-04-17 23:14:22,515] {logging_mixin.py:109} INFO - Andre George
[2022-04-17 23:14:22,516] {logging_mixin.py:109} INFO - Tamara Edwards
[2022-04-17 23:14:22,516] {logging_mixin.py:109} INFO - Angela Lee
[2022-04-17 23:14:22,516] {logging_mixin.py:109} INFO - Kaitlyn Chase
[2022-04-17 23:14:22,517] {logging_mixin.py:109} INFO - John Cohen
[2022-04-17 23:14:22,517] {logging_mixin.py:109} INFO - Robin Harris
[2022-04-17 23:14:22,517] {logging_mixin.py:109} INFO - Joshua Williams
[2022-04-17 23:14:22,518] {logging_mixin.py:109} INFO - Gerald Valentine
[2022-04-17 23:14:22,518] {logging_mixin.py:109} INFO - Peter Daniel
[2022-04-17 23:14:22,518] {logging_mixin.py:109} INFO - Deborah Guzman
[2022-04-17 23:14:22,519] {logging_mixin.py:109} INFO - Meagan Bennett
[2022-04-17 23:14:22,519] {logging_mixin.py:109} INFO - Megan Burton
[2022-04-17 23:14:22,519] {logging_mixin.py:109} INFO - Sean Harris
[2022-04-17 23:14:22,520] {logging_mixin.py:109} INFO - Melanie Thomas
[2022-04-17 23:14:22,520] {logging_mixin.py:109} INFO - Mary Kirk
[2022-04-17 23:14:22,520] {logging_mixin.py:109} INFO - Rebecca Martinez
[2022-04-17 23:14:22,521] {logging_mixin.py:109} INFO - Mrs. Erin Hayes DVM
[2022-04-17 23:14:22,521] {logging_mixin.py:109} INFO - Mrs. Kristina Johnson MD
[2022-04-17 23:14:22,522] {logging_mixin.py:109} INFO - Tina Werner
[2022-04-17 23:14:22,522] {logging_mixin.py:109} INFO - Mallory Miller
[2022-04-17 23:14:22,522] {logging_mixin.py:109} INFO - Rachel Trevino
[2022-04-17 23:14:22,523] {logging_mixin.py:109} INFO - Karen Stewart
[2022-04-17 23:14:22,523] {logging_mixin.py:109} INFO - Amanda Galvan
[2022-04-17 23:14:22,523] {logging_mixin.py:109} INFO - Crystal Li
[2022-04-17 23:14:22,524] {logging_mixin.py:109} INFO - Andrea Hicks
[2022-04-17 23:14:22,524] {logging_mixin.py:109} INFO - Richard Clark
[2022-04-17 23:14:22,524] {logging_mixin.py:109} INFO - Angela Melton
[2022-04-17 23:14:22,525] {logging_mixin.py:109} INFO - John Baker
[2022-04-17 23:14:22,525] {logging_mixin.py:109} INFO - Amber King
[2022-04-17 23:14:22,525] {logging_mixin.py:109} INFO - Brent Smith
[2022-04-17 23:14:22,526] {logging_mixin.py:109} INFO - Joyce Wheeler
[2022-04-17 23:14:22,526] {logging_mixin.py:109} INFO - Ross Wiggins
[2022-04-17 23:14:22,526] {logging_mixin.py:109} INFO - Andrew Woodward
[2022-04-17 23:14:22,527] {logging_mixin.py:109} INFO - Dale Collins Jr.
[2022-04-17 23:14:22,527] {logging_mixin.py:109} INFO - Caitlin Clark
[2022-04-17 23:14:22,527] {logging_mixin.py:109} INFO - Arthur Williams
[2022-04-17 23:14:22,528] {logging_mixin.py:109} INFO - Kenneth Green
[2022-04-17 23:14:22,528] {logging_mixin.py:109} INFO - Lisa Blake
[2022-04-17 23:14:22,528] {logging_mixin.py:109} INFO - Robert Larson
[2022-04-17 23:14:22,529] {logging_mixin.py:109} INFO - Ian Snyder
[2022-04-17 23:14:22,529] {logging_mixin.py:109} INFO - Christopher Vaughn
[2022-04-17 23:14:22,530] {logging_mixin.py:109} INFO - Elizabeth Black
[2022-04-17 23:14:22,530] {logging_mixin.py:109} INFO - Rebecca Armstrong
[2022-04-17 23:14:22,530] {logging_mixin.py:109} INFO - Stephen Hicks
[2022-04-17 23:14:22,531] {logging_mixin.py:109} INFO - Frank Gonzales
[2022-04-17 23:14:22,531] {logging_mixin.py:109} INFO - Lindsey Wilson
[2022-04-17 23:14:22,531] {logging_mixin.py:109} INFO - Patrick Gonzalez
[2022-04-17 23:14:22,532] {logging_mixin.py:109} INFO - Jesus Santos
[2022-04-17 23:14:22,532] {logging_mixin.py:109} INFO - Aaron Payne
[2022-04-17 23:14:22,533] {logging_mixin.py:109} INFO - Benjamin Russell
[2022-04-17 23:14:22,533] {logging_mixin.py:109} INFO - William Stevens
[2022-04-17 23:14:22,533] {logging_mixin.py:109} INFO - Theodore Allen
[2022-04-17 23:14:22,534] {logging_mixin.py:109} INFO - Janice Austin
[2022-04-17 23:14:22,534] {logging_mixin.py:109} INFO - Allison Jackson
[2022-04-17 23:14:22,534] {logging_mixin.py:109} INFO - Christian Strickland
[2022-04-17 23:14:22,535] {logging_mixin.py:109} INFO - Deborah Parker
[2022-04-17 23:14:22,535] {logging_mixin.py:109} INFO - Mary Bradley
[2022-04-17 23:14:22,536] {logging_mixin.py:109} INFO - Steven Lee
[2022-04-17 23:14:22,536] {logging_mixin.py:109} INFO - Heather Reynolds
[2022-04-17 23:14:22,536] {logging_mixin.py:109} INFO - Brooke Paul
[2022-04-17 23:14:22,537] {logging_mixin.py:109} INFO - Brandi Ritter
[2022-04-17 23:14:22,537] {logging_mixin.py:109} INFO - John Williams
[2022-04-17 23:14:22,537] {logging_mixin.py:109} INFO - Brenda Wright
[2022-04-17 23:14:22,537] {logging_mixin.py:109} INFO - Amy Bennett
[2022-04-17 23:14:22,538] {logging_mixin.py:109} INFO - Raymond Woods
[2022-04-17 23:14:22,538] {logging_mixin.py:109} INFO - Jessica Smith
[2022-04-17 23:14:22,539] {logging_mixin.py:109} INFO - Allison Benitez
[2022-04-17 23:14:22,539] {logging_mixin.py:109} INFO - Jennifer Yu
[2022-04-17 23:14:22,539] {logging_mixin.py:109} INFO - Antonio Mckenzie MD
[2022-04-17 23:14:22,540] {logging_mixin.py:109} INFO - Katherine Scott
[2022-04-17 23:14:22,540] {logging_mixin.py:109} INFO - David Aguilar
[2022-04-17 23:14:22,540] {logging_mixin.py:109} INFO - Mark Jenkins
[2022-04-17 23:14:22,541] {logging_mixin.py:109} INFO - Phillip Levine
[2022-04-17 23:14:22,541] {logging_mixin.py:109} INFO - Christopher Moore
[2022-04-17 23:14:22,542] {logging_mixin.py:109} INFO - Emily Bruce
[2022-04-17 23:14:22,542] {logging_mixin.py:109} INFO - Keith Hill
[2022-04-17 23:14:22,542] {logging_mixin.py:109} INFO - Tara Shannon
[2022-04-17 23:14:22,543] {logging_mixin.py:109} INFO - Jasmin Reese
[2022-04-17 23:14:22,543] {logging_mixin.py:109} INFO - Stephanie Fleming
[2022-04-17 23:14:22,543] {logging_mixin.py:109} INFO - Jerome Weber
[2022-04-17 23:14:22,544] {logging_mixin.py:109} INFO - Ryan Kline
[2022-04-17 23:14:22,544] {logging_mixin.py:109} INFO - Justin Blair
[2022-04-17 23:14:22,544] {logging_mixin.py:109} INFO - Jenna Hall
[2022-04-17 23:14:22,545] {logging_mixin.py:109} INFO - Gabriel Howell
[2022-04-17 23:14:22,545] {logging_mixin.py:109} INFO - Christina Watts
[2022-04-17 23:14:22,545] {logging_mixin.py:109} INFO - Julie Harris
[2022-04-17 23:14:22,546] {logging_mixin.py:109} INFO - Kathryn Walters
[2022-04-17 23:14:22,546] {logging_mixin.py:109} INFO - Barbara Wells
[2022-04-17 23:14:22,547] {logging_mixin.py:109} INFO - Tiffany Gregory
[2022-04-17 23:14:22,547] {logging_mixin.py:109} INFO - John Charles
[2022-04-17 23:14:22,547] {logging_mixin.py:109} INFO - Kelly Hudson
[2022-04-17 23:14:22,548] {logging_mixin.py:109} INFO - Michael Perkins
[2022-04-17 23:14:22,548] {logging_mixin.py:109} INFO - Amber Kemp
[2022-04-17 23:14:22,548] {logging_mixin.py:109} INFO - Jeremiah Henson
[2022-04-17 23:14:22,549] {logging_mixin.py:109} INFO - Jessica Owens
[2022-04-17 23:14:22,549] {logging_mixin.py:109} INFO - Colleen Smith
[2022-04-17 23:14:22,549] {logging_mixin.py:109} INFO - Elizabeth Smith
[2022-04-17 23:14:22,550] {logging_mixin.py:109} INFO - Mark Smith
[2022-04-17 23:14:22,550] {logging_mixin.py:109} INFO - Stacy Conley
[2022-04-17 23:14:22,550] {logging_mixin.py:109} INFO - Marcus Taylor
[2022-04-17 23:14:22,551] {logging_mixin.py:109} INFO - Maria West
[2022-04-17 23:14:22,551] {logging_mixin.py:109} INFO - Gary Morgan
[2022-04-17 23:14:22,551] {logging_mixin.py:109} INFO - Adrienne Davis
[2022-04-17 23:14:22,552] {logging_mixin.py:109} INFO - Heidi Evans
[2022-04-17 23:14:22,552] {logging_mixin.py:109} INFO - Robert Hood MD
[2022-04-17 23:14:22,552] {logging_mixin.py:109} INFO - Eric Wagner
[2022-04-17 23:14:22,553] {logging_mixin.py:109} INFO - Austin Lawrence
[2022-04-17 23:14:22,553] {logging_mixin.py:109} INFO - Ryan Collins
[2022-04-17 23:14:22,554] {logging_mixin.py:109} INFO - Vincent Lee
[2022-04-17 23:14:22,554] {logging_mixin.py:109} INFO - Angela Wilson
[2022-04-17 23:14:22,554] {logging_mixin.py:109} INFO - Tommy Johnson
[2022-04-17 23:14:22,555] {logging_mixin.py:109} INFO - Marco Rivas
[2022-04-17 23:14:22,555] {logging_mixin.py:109} INFO - William Hughes
[2022-04-17 23:14:22,555] {logging_mixin.py:109} INFO - Shawn Moore
[2022-04-17 23:14:22,556] {logging_mixin.py:109} INFO - Shelby Choi
[2022-04-17 23:14:22,556] {logging_mixin.py:109} INFO - Amanda Alvarez
[2022-04-17 23:14:22,557] {logging_mixin.py:109} INFO - Curtis Riley
[2022-04-17 23:14:22,557] {logging_mixin.py:109} INFO - Erica Mendoza
[2022-04-17 23:14:22,557] {logging_mixin.py:109} INFO - Tracey Phillips
[2022-04-17 23:14:22,558] {logging_mixin.py:109} INFO - Jessica Coleman
[2022-04-17 23:14:22,558] {logging_mixin.py:109} INFO - Amy King
[2022-04-17 23:14:22,558] {logging_mixin.py:109} INFO - Laura Curtis
[2022-04-17 23:14:22,559] {logging_mixin.py:109} INFO - James Payne
[2022-04-17 23:14:22,559] {logging_mixin.py:109} INFO - Nicholas Hamilton
[2022-04-17 23:14:22,559] {logging_mixin.py:109} INFO - Timothy Mercer
[2022-04-17 23:14:22,560] {logging_mixin.py:109} INFO - Ricardo Williams
[2022-04-17 23:14:22,560] {logging_mixin.py:109} INFO - Ronald Nelson
[2022-04-17 23:14:22,560] {logging_mixin.py:109} INFO - Walter Avila
[2022-04-17 23:14:22,561] {logging_mixin.py:109} INFO - Patrick Reynolds
[2022-04-17 23:14:22,561] {logging_mixin.py:109} INFO - Paul Mercer
[2022-04-17 23:14:22,561] {logging_mixin.py:109} INFO - Tiffany Davis
[2022-04-17 23:14:22,562] {logging_mixin.py:109} INFO - Danielle Ortega
[2022-04-17 23:14:22,562] {logging_mixin.py:109} INFO - Frances Shelton
[2022-04-17 23:14:22,562] {logging_mixin.py:109} INFO - Joseph Green
[2022-04-17 23:14:22,563] {logging_mixin.py:109} INFO - Sierra Wood
[2022-04-17 23:14:22,563] {logging_mixin.py:109} INFO - Monica Wilson MD
[2022-04-17 23:14:22,563] {logging_mixin.py:109} INFO - Jordan Lee
[2022-04-17 23:14:22,564] {logging_mixin.py:109} INFO - Angela Rice
[2022-04-17 23:14:22,564] {logging_mixin.py:109} INFO - Robin Jimenez
[2022-04-17 23:14:22,564] {logging_mixin.py:109} INFO - Kristy Coleman
[2022-04-17 23:14:22,565] {logging_mixin.py:109} INFO - Garrett Harris
[2022-04-17 23:14:22,565] {logging_mixin.py:109} INFO - Austin Phelps
[2022-04-17 23:14:22,565] {logging_mixin.py:109} INFO - Amy Glenn
[2022-04-17 23:14:22,566] {logging_mixin.py:109} INFO - Luis Peterson
[2022-04-17 23:14:22,566] {logging_mixin.py:109} INFO - Theresa Sims DDS
[2022-04-17 23:14:22,566] {logging_mixin.py:109} INFO - Heather Young
[2022-04-17 23:14:22,567] {logging_mixin.py:109} INFO - Michael Jones
[2022-04-17 23:14:22,567] {logging_mixin.py:109} INFO - Christina Sanchez
[2022-04-17 23:14:22,567] {logging_mixin.py:109} INFO - Corey Quinn
[2022-04-17 23:14:22,568] {logging_mixin.py:109} INFO - Kimberly Kelly
[2022-04-17 23:14:22,568] {logging_mixin.py:109} INFO - Christopher Ramirez
[2022-04-17 23:14:22,569] {logging_mixin.py:109} INFO - Kathleen Garner
[2022-04-17 23:14:22,569] {logging_mixin.py:109} INFO - Heidi Williams
[2022-04-17 23:14:22,569] {logging_mixin.py:109} INFO - Julie Barron
[2022-04-17 23:14:22,570] {logging_mixin.py:109} INFO - Jeffrey Crawford
[2022-04-17 23:14:22,570] {logging_mixin.py:109} INFO - Gregory Elliott
[2022-04-17 23:14:22,570] {logging_mixin.py:109} INFO - David Freeman
[2022-04-17 23:14:22,571] {logging_mixin.py:109} INFO - Edward Cooke
[2022-04-17 23:14:22,571] {logging_mixin.py:109} INFO - Jeremiah Rios
[2022-04-17 23:14:22,571] {logging_mixin.py:109} INFO - Ryan Jones
[2022-04-17 23:14:22,572] {logging_mixin.py:109} INFO - Kevin Williams
[2022-04-17 23:14:22,572] {logging_mixin.py:109} INFO - Cody Thomas
[2022-04-17 23:14:22,572] {logging_mixin.py:109} INFO - Brett Adams
[2022-04-17 23:14:22,573] {logging_mixin.py:109} INFO - Dr. Paul Hunt PhD
[2022-04-17 23:14:22,573] {logging_mixin.py:109} INFO - Jessica Lee
[2022-04-17 23:14:22,573] {logging_mixin.py:109} INFO - Nicole Hanson
[2022-04-17 23:14:22,574] {logging_mixin.py:109} INFO - Mary Myers
[2022-04-17 23:14:22,574] {logging_mixin.py:109} INFO - Elizabeth Le
[2022-04-17 23:14:22,574] {logging_mixin.py:109} INFO - Ashley Oliver
[2022-04-17 23:14:22,575] {logging_mixin.py:109} INFO - Tyler Weeks
[2022-04-17 23:14:22,575] {logging_mixin.py:109} INFO - Justin West
[2022-04-17 23:14:22,575] {logging_mixin.py:109} INFO - Chase Stone
[2022-04-17 23:14:22,576] {logging_mixin.py:109} INFO - Anthony Parker
[2022-04-17 23:14:22,576] {logging_mixin.py:109} INFO - Gabriela Gonzales
[2022-04-17 23:14:22,576] {logging_mixin.py:109} INFO - Gary Taylor
[2022-04-17 23:14:22,577] {logging_mixin.py:109} INFO - David Stevens
[2022-04-17 23:14:22,577] {logging_mixin.py:109} INFO - Bryan Marks
[2022-04-17 23:14:22,577] {logging_mixin.py:109} INFO - Linda Butler
[2022-04-17 23:14:22,578] {logging_mixin.py:109} INFO - Melissa Lawson
[2022-04-17 23:14:22,578] {logging_mixin.py:109} INFO - Diana White
[2022-04-17 23:14:22,578] {logging_mixin.py:109} INFO - Cheyenne Michael
[2022-04-17 23:14:22,579] {logging_mixin.py:109} INFO - Timothy Yates
[2022-04-17 23:14:22,579] {logging_mixin.py:109} INFO - Marissa Rodriguez
[2022-04-17 23:14:22,579] {logging_mixin.py:109} INFO - Ronald Meyer
[2022-04-17 23:14:22,580] {logging_mixin.py:109} INFO - Crystal Perez MD
[2022-04-17 23:14:22,580] {logging_mixin.py:109} INFO - Monica Hayes
[2022-04-17 23:14:22,581] {logging_mixin.py:109} INFO - Melissa Martinez
[2022-04-17 23:14:22,581] {logging_mixin.py:109} INFO - Kylie Lewis
[2022-04-17 23:14:22,581] {logging_mixin.py:109} INFO - Richard Ford
[2022-04-17 23:14:22,582] {logging_mixin.py:109} INFO - Ashley Kirby
[2022-04-17 23:14:22,582] {logging_mixin.py:109} INFO - Hayley Brown
[2022-04-17 23:14:22,582] {logging_mixin.py:109} INFO - Anthony Arnold
[2022-04-17 23:14:22,583] {logging_mixin.py:109} INFO - Kenneth Hill
[2022-04-17 23:14:22,583] {logging_mixin.py:109} INFO - Jill Martin
[2022-04-17 23:14:22,583] {logging_mixin.py:109} INFO - Sara Gill
[2022-04-17 23:14:22,584] {logging_mixin.py:109} INFO - Richard Lewis
[2022-04-17 23:14:22,584] {logging_mixin.py:109} INFO - Emily Mcdowell
[2022-04-17 23:14:22,584] {logging_mixin.py:109} INFO - Joe Flowers
[2022-04-17 23:14:22,585] {logging_mixin.py:109} INFO - Emily Goodman MD
[2022-04-17 23:14:22,585] {logging_mixin.py:109} INFO - Shannon Hunt
[2022-04-17 23:14:22,585] {logging_mixin.py:109} INFO - William Stewart
[2022-04-17 23:14:22,586] {logging_mixin.py:109} INFO - Daniel Davis
[2022-04-17 23:14:22,586] {logging_mixin.py:109} INFO - Vincent Wilson
[2022-04-17 23:14:22,586] {logging_mixin.py:109} INFO - Gail Chapman
[2022-04-17 23:14:22,587] {logging_mixin.py:109} INFO - Joseph Allen
[2022-04-17 23:14:22,587] {logging_mixin.py:109} INFO - Christopher Berry
[2022-04-17 23:14:22,587] {logging_mixin.py:109} INFO - Katherine Shaffer
[2022-04-17 23:14:22,588] {logging_mixin.py:109} INFO - Nicholas Watts
[2022-04-17 23:14:22,588] {logging_mixin.py:109} INFO - Alyssa Caldwell
[2022-04-17 23:14:22,589] {logging_mixin.py:109} INFO - Jessica Walton
[2022-04-17 23:14:22,589] {logging_mixin.py:109} INFO - Casey Stewart
[2022-04-17 23:14:22,589] {logging_mixin.py:109} INFO - Robert Hale
[2022-04-17 23:14:22,590] {logging_mixin.py:109} INFO - Stephen Johnson
[2022-04-17 23:14:22,590] {logging_mixin.py:109} INFO - Daniel West
[2022-04-17 23:14:22,591] {logging_mixin.py:109} INFO - Laura Garcia
[2022-04-17 23:14:22,591] {logging_mixin.py:109} INFO - Kari Peterson
[2022-04-17 23:14:22,591] {logging_mixin.py:109} INFO - Joseph Ryan
[2022-04-17 23:14:22,592] {logging_mixin.py:109} INFO - Dr. Anthony Mathews
[2022-04-17 23:14:22,592] {logging_mixin.py:109} INFO - Sabrina Gibson
[2022-04-17 23:14:22,592] {logging_mixin.py:109} INFO - Terry Avery
[2022-04-17 23:14:22,593] {logging_mixin.py:109} INFO - Mrs. Jessica Black DDS
[2022-04-17 23:14:22,593] {logging_mixin.py:109} INFO - Sarah Robinson
[2022-04-17 23:14:22,593] {logging_mixin.py:109} INFO - Anna Hunt
[2022-04-17 23:14:22,594] {logging_mixin.py:109} INFO - Katie Taylor
[2022-04-17 23:14:22,594] {logging_mixin.py:109} INFO - Kimberly Daniels
[2022-04-17 23:14:22,595] {logging_mixin.py:109} INFO - Erik Adams
[2022-04-17 23:14:22,595] {logging_mixin.py:109} INFO - Stephanie Sexton
[2022-04-17 23:14:22,595] {logging_mixin.py:109} INFO - Gabrielle Clark
[2022-04-17 23:14:22,596] {logging_mixin.py:109} INFO - Dylan Ford
[2022-04-17 23:14:22,596] {logging_mixin.py:109} INFO - Emma Anderson
[2022-04-17 23:14:22,597] {logging_mixin.py:109} INFO - Paula Harrington
[2022-04-17 23:14:22,597] {logging_mixin.py:109} INFO - Karen Brown
[2022-04-17 23:14:22,597] {logging_mixin.py:109} INFO - Tyler Frazier
[2022-04-17 23:14:22,598] {logging_mixin.py:109} INFO - David Davis
[2022-04-17 23:14:22,598] {logging_mixin.py:109} INFO - Wesley Woods
[2022-04-17 23:14:22,598] {logging_mixin.py:109} INFO - Danny Wilson
[2022-04-17 23:14:22,599] {logging_mixin.py:109} INFO - Alan Lester
[2022-04-17 23:14:22,599] {logging_mixin.py:109} INFO - Peter Hawkins
[2022-04-17 23:14:22,600] {logging_mixin.py:109} INFO - Joseph Chen
[2022-04-17 23:14:22,600] {logging_mixin.py:109} INFO - Jill Morales
[2022-04-17 23:14:22,600] {logging_mixin.py:109} INFO - Jason Williams
[2022-04-17 23:14:22,601] {logging_mixin.py:109} INFO - Gregory Wells
[2022-04-17 23:14:22,601] {logging_mixin.py:109} INFO - Brian Gibson
[2022-04-17 23:14:22,601] {logging_mixin.py:109} INFO - Jon Lester
[2022-04-17 23:14:22,602] {logging_mixin.py:109} INFO - Ashley King
[2022-04-17 23:14:22,602] {logging_mixin.py:109} INFO - Michael Mckenzie
[2022-04-17 23:14:22,602] {logging_mixin.py:109} INFO - John Gonzalez
[2022-04-17 23:14:22,603] {logging_mixin.py:109} INFO - Howard Hernandez
[2022-04-17 23:14:22,603] {logging_mixin.py:109} INFO - Andrew Anderson
[2022-04-17 23:14:22,604] {logging_mixin.py:109} INFO - Andrea Harper
[2022-04-17 23:14:22,604] {logging_mixin.py:109} INFO - Amanda Rich
[2022-04-17 23:14:22,604] {logging_mixin.py:109} INFO - Sarah Gilbert
[2022-04-17 23:14:22,605] {logging_mixin.py:109} INFO - Lisa Wallace
[2022-04-17 23:14:22,605] {logging_mixin.py:109} INFO - Clifford Clark
[2022-04-17 23:14:22,606] {logging_mixin.py:109} INFO - John Jones
[2022-04-17 23:14:22,606] {logging_mixin.py:109} INFO - Kimberly Mcdonald
[2022-04-17 23:14:22,606] {logging_mixin.py:109} INFO - James Sanchez
[2022-04-17 23:14:22,607] {logging_mixin.py:109} INFO - Daniel Marshall
[2022-04-17 23:14:22,607] {logging_mixin.py:109} INFO - Aaron Smith
[2022-04-17 23:14:22,607] {logging_mixin.py:109} INFO - Crystal Daniels
[2022-04-17 23:14:22,608] {logging_mixin.py:109} INFO - Bradley Hogan
[2022-04-17 23:14:22,608] {logging_mixin.py:109} INFO - Dominique Hendrix
[2022-04-17 23:14:22,608] {logging_mixin.py:109} INFO - Heather Wyatt
[2022-04-17 23:14:22,609] {logging_mixin.py:109} INFO - Ashley Morris
[2022-04-17 23:14:22,609] {logging_mixin.py:109} INFO - Matthew Cantu
[2022-04-17 23:14:22,610] {logging_mixin.py:109} INFO - Erin Tyler
[2022-04-17 23:14:22,610] {logging_mixin.py:109} INFO - David Maynard
[2022-04-17 23:14:22,610] {logging_mixin.py:109} INFO - Kimberly Walker
[2022-04-17 23:14:22,611] {logging_mixin.py:109} INFO - Andrew Greene
[2022-04-17 23:14:22,611] {logging_mixin.py:109} INFO - Laura Boyer
[2022-04-17 23:14:22,612] {logging_mixin.py:109} INFO - Justin Thompson
[2022-04-17 23:14:22,612] {logging_mixin.py:109} INFO - Brandon Jones
[2022-04-17 23:14:22,613] {logging_mixin.py:109} INFO - Mr. David Liu
[2022-04-17 23:14:22,613] {logging_mixin.py:109} INFO - James Freeman
[2022-04-17 23:14:22,613] {logging_mixin.py:109} INFO - Lisa Jones
[2022-04-17 23:14:22,613] {logging_mixin.py:109} INFO - Jeffery Leon
[2022-04-17 23:14:22,614] {logging_mixin.py:109} INFO - Michael Mata
[2022-04-17 23:14:22,614] {logging_mixin.py:109} INFO - Tyrone Moore
[2022-04-17 23:14:22,615] {logging_mixin.py:109} INFO - Valerie Rodriguez
[2022-04-17 23:14:22,615] {logging_mixin.py:109} INFO - David Bailey
[2022-04-17 23:14:22,615] {logging_mixin.py:109} INFO - Alexis Collins
[2022-04-17 23:14:22,616] {logging_mixin.py:109} INFO - Michael Pena
[2022-04-17 23:14:22,616] {logging_mixin.py:109} INFO - Justin Parker
[2022-04-17 23:14:22,617] {logging_mixin.py:109} INFO - Dr. Matthew Williams
[2022-04-17 23:14:22,617] {logging_mixin.py:109} INFO - David Hartman
[2022-04-17 23:14:22,617] {logging_mixin.py:109} INFO - Jennifer Mendez
[2022-04-17 23:14:22,618] {logging_mixin.py:109} INFO - Brandon Meadows
[2022-04-17 23:14:22,618] {logging_mixin.py:109} INFO - Erika Escobar
[2022-04-17 23:14:22,618] {logging_mixin.py:109} INFO - Julie Brooks
[2022-04-17 23:14:22,619] {logging_mixin.py:109} INFO - Kirk Weber
[2022-04-17 23:14:22,619] {logging_mixin.py:109} INFO - Allison Paul
[2022-04-17 23:14:22,620] {logging_mixin.py:109} INFO - Carlos Thompson
[2022-04-17 23:14:22,620] {logging_mixin.py:109} INFO - Christopher Brown
[2022-04-17 23:14:22,620] {logging_mixin.py:109} INFO - Shawn Travis
[2022-04-17 23:14:22,621] {logging_mixin.py:109} INFO - Daniel Anthony
[2022-04-17 23:14:22,621] {logging_mixin.py:109} INFO - Charles Mckay
[2022-04-17 23:14:22,621] {logging_mixin.py:109} INFO - Pamela Jones
[2022-04-17 23:14:22,622] {logging_mixin.py:109} INFO - Patrick Bradley
[2022-04-17 23:14:22,622] {logging_mixin.py:109} INFO - Brandy Wallace
[2022-04-17 23:14:22,622] {logging_mixin.py:109} INFO - Joseph Mueller
[2022-04-17 23:14:22,623] {logging_mixin.py:109} INFO - Dr. Craig King
[2022-04-17 23:14:22,623] {logging_mixin.py:109} INFO - Jacob Williams
[2022-04-17 23:14:22,623] {logging_mixin.py:109} INFO - Michael Richard
[2022-04-17 23:14:22,624] {logging_mixin.py:109} INFO - Gerald Shaw
[2022-04-17 23:14:22,624] {logging_mixin.py:109} INFO - Wendy Crawford
[2022-04-17 23:14:22,625] {logging_mixin.py:109} INFO - Leslie Henderson
[2022-04-17 23:14:22,625] {logging_mixin.py:109} INFO - Terrance Roberts
[2022-04-17 23:14:22,625] {logging_mixin.py:109} INFO - Martin Smith
[2022-04-17 23:14:22,626] {logging_mixin.py:109} INFO - Phillip Austin
[2022-04-17 23:14:22,626] {logging_mixin.py:109} INFO - Laura Stewart
[2022-04-17 23:14:22,626] {logging_mixin.py:109} INFO - Pamela Martin
[2022-04-17 23:14:22,627] {logging_mixin.py:109} INFO - Roy Pruitt
[2022-04-17 23:14:22,627] {logging_mixin.py:109} INFO - Christine Burke
[2022-04-17 23:14:22,628] {logging_mixin.py:109} INFO - Seth Green
[2022-04-17 23:14:22,628] {logging_mixin.py:109} INFO - Jonathan Chen
[2022-04-17 23:14:22,628] {logging_mixin.py:109} INFO - Peter Watson
[2022-04-17 23:14:22,629] {logging_mixin.py:109} INFO - William White
[2022-04-17 23:14:22,629] {logging_mixin.py:109} INFO - Anthony Owen
[2022-04-17 23:14:22,629] {logging_mixin.py:109} INFO - James Gray
[2022-04-17 23:14:22,630] {logging_mixin.py:109} INFO - Cassandra Barajas
[2022-04-17 23:14:22,630] {logging_mixin.py:109} INFO - Elizabeth Lindsey
[2022-04-17 23:14:22,630] {logging_mixin.py:109} INFO - Jacqueline Green
[2022-04-17 23:14:22,631] {logging_mixin.py:109} INFO - Mrs. Helen Burke
[2022-04-17 23:14:22,631] {logging_mixin.py:109} INFO - Heather Dudley
[2022-04-17 23:14:22,631] {logging_mixin.py:109} INFO - Candace Reed
[2022-04-17 23:14:22,632] {logging_mixin.py:109} INFO - Michael Reed
[2022-04-17 23:14:22,632] {logging_mixin.py:109} INFO - Elizabeth Nguyen
[2022-04-17 23:14:22,633] {logging_mixin.py:109} INFO - Dr. Becky Jordan MD
[2022-04-17 23:14:22,633] {logging_mixin.py:109} INFO - Latasha Jones
[2022-04-17 23:14:22,633] {logging_mixin.py:109} INFO - Greg Briggs
[2022-04-17 23:14:22,634] {logging_mixin.py:109} INFO - Elizabeth Paul
[2022-04-17 23:14:22,634] {logging_mixin.py:109} INFO - Alexis Juarez
[2022-04-17 23:14:22,634] {logging_mixin.py:109} INFO - Caleb Bryan
[2022-04-17 23:14:22,635] {logging_mixin.py:109} INFO - Regina Phillips
[2022-04-17 23:14:22,635] {logging_mixin.py:109} INFO - Stacy Wilson
[2022-04-17 23:14:22,636] {logging_mixin.py:109} INFO - Kayla Mcclure
[2022-04-17 23:14:22,636] {logging_mixin.py:109} INFO - Taylor Ware
[2022-04-17 23:14:22,637] {logging_mixin.py:109} INFO - Cameron Arnold
[2022-04-17 23:14:22,638] {logging_mixin.py:109} INFO - Susan Wilson
[2022-04-17 23:14:22,638] {logging_mixin.py:109} INFO - Barbara Brown
[2022-04-17 23:14:22,638] {logging_mixin.py:109} INFO - Julie Leonard
[2022-04-17 23:14:22,639] {logging_mixin.py:109} INFO - Austin White
[2022-04-17 23:14:22,639] {logging_mixin.py:109} INFO - Dr. Rebecca Williams
[2022-04-17 23:14:22,640] {logging_mixin.py:109} INFO - Laura Chaney
[2022-04-17 23:14:22,640] {logging_mixin.py:109} INFO - Leslie Stevens
[2022-04-17 23:14:22,640] {logging_mixin.py:109} INFO - Tina Colon
[2022-04-17 23:14:22,641] {logging_mixin.py:109} INFO - Vanessa Smith
[2022-04-17 23:14:22,641] {logging_mixin.py:109} INFO - Tristan Knight
[2022-04-17 23:14:22,641] {logging_mixin.py:109} INFO - Kayla Mcclure
[2022-04-17 23:14:22,642] {logging_mixin.py:109} INFO - Andrew Nguyen
[2022-04-17 23:14:22,642] {logging_mixin.py:109} INFO - Leon Mcclure
[2022-04-17 23:14:22,643] {logging_mixin.py:109} INFO - Tyler Francis
[2022-04-17 23:14:22,643] {logging_mixin.py:109} INFO - Robert Hodges
[2022-04-17 23:14:22,643] {logging_mixin.py:109} INFO - Bradley Burgess
[2022-04-17 23:14:22,644] {logging_mixin.py:109} INFO - Brian Huynh
[2022-04-17 23:14:22,644] {logging_mixin.py:109} INFO - Michael Garza
[2022-04-17 23:14:22,644] {logging_mixin.py:109} INFO - Dawn Price
[2022-04-17 23:14:22,645] {logging_mixin.py:109} INFO - Jessica Craig
[2022-04-17 23:14:22,645] {logging_mixin.py:109} INFO - Michael Hoffman
[2022-04-17 23:14:22,646] {logging_mixin.py:109} INFO - Michael Gonzalez
[2022-04-17 23:14:22,646] {logging_mixin.py:109} INFO - Jason Phillips
[2022-04-17 23:14:22,646] {logging_mixin.py:109} INFO - Rebecca Harding
[2022-04-17 23:14:22,647] {logging_mixin.py:109} INFO - Lauren Hill
[2022-04-17 23:14:22,647] {logging_mixin.py:109} INFO - Lisa Wu
[2022-04-17 23:14:22,647] {logging_mixin.py:109} INFO - Kenneth Hernandez
[2022-04-17 23:14:22,648] {logging_mixin.py:109} INFO - Edward Adams
[2022-04-17 23:14:22,648] {logging_mixin.py:109} INFO - Michael Torres
[2022-04-17 23:14:22,648] {logging_mixin.py:109} INFO - Dana Williams
[2022-04-17 23:14:22,649] {logging_mixin.py:109} INFO - Michael Valdez
[2022-04-17 23:14:22,649] {logging_mixin.py:109} INFO - Laura Molina
[2022-04-17 23:14:22,650] {logging_mixin.py:109} INFO - Rachel Moore
[2022-04-17 23:14:22,650] {logging_mixin.py:109} INFO - Mary Williams
[2022-04-17 23:14:22,650] {logging_mixin.py:109} INFO - Paul Stewart
[2022-04-17 23:14:22,651] {logging_mixin.py:109} INFO - Timothy Vargas
[2022-04-17 23:14:22,651] {logging_mixin.py:109} INFO - Oscar Mcbride
[2022-04-17 23:14:22,652] {logging_mixin.py:109} INFO - Abigail Mejia
[2022-04-17 23:14:22,652] {logging_mixin.py:109} INFO - Dana Sanchez
[2022-04-17 23:14:22,653] {logging_mixin.py:109} INFO - Kenneth Lester
[2022-04-17 23:14:22,653] {logging_mixin.py:109} INFO - Tiffany Williams
[2022-04-17 23:14:22,653] {logging_mixin.py:109} INFO - Jeffrey Buckley
[2022-04-17 23:14:22,654] {logging_mixin.py:109} INFO - Manuel Mason
[2022-04-17 23:14:22,654] {logging_mixin.py:109} INFO - Angela Jackson
[2022-04-17 23:14:22,654] {logging_mixin.py:109} INFO - Tammy Rodriguez
[2022-04-17 23:14:22,655] {logging_mixin.py:109} INFO - Lynn Robertson
[2022-04-17 23:14:22,655] {logging_mixin.py:109} INFO - Eric Brown
[2022-04-17 23:14:22,656] {logging_mixin.py:109} INFO - William Wilson
[2022-04-17 23:14:22,656] {logging_mixin.py:109} INFO - Jessica Hernandez
[2022-04-17 23:14:22,656] {logging_mixin.py:109} INFO - Brandy Case
[2022-04-17 23:14:22,657] {logging_mixin.py:109} INFO - Heather Ruiz
[2022-04-17 23:14:22,657] {logging_mixin.py:109} INFO - William Young DDS
[2022-04-17 23:14:22,657] {logging_mixin.py:109} INFO - Philip Wheeler
[2022-04-17 23:14:22,658] {logging_mixin.py:109} INFO - Paul Davenport
[2022-04-17 23:14:22,658] {logging_mixin.py:109} INFO - Justin Robinson
[2022-04-17 23:14:22,658] {logging_mixin.py:109} INFO - Samantha Scott
[2022-04-17 23:14:22,659] {logging_mixin.py:109} INFO - Melissa Coleman
[2022-04-17 23:14:22,659] {logging_mixin.py:109} INFO - Dr. James Montoya Jr.
[2022-04-17 23:14:22,660] {logging_mixin.py:109} INFO - Anthony Abbott
[2022-04-17 23:14:22,660] {logging_mixin.py:109} INFO - Eric Mitchell
[2022-04-17 23:14:22,660] {logging_mixin.py:109} INFO - Angela Kennedy
[2022-04-17 23:14:22,661] {logging_mixin.py:109} INFO - Alexandra Soto
[2022-04-17 23:14:22,661] {logging_mixin.py:109} INFO - Christine Murillo
[2022-04-17 23:14:22,661] {logging_mixin.py:109} INFO - Kerri Bridges
[2022-04-17 23:14:22,662] {logging_mixin.py:109} INFO - Janet Martinez
[2022-04-17 23:14:22,662] {logging_mixin.py:109} INFO - Michael Deleon
[2022-04-17 23:14:22,662] {logging_mixin.py:109} INFO - Kevin Johnson
[2022-04-17 23:14:22,663] {logging_mixin.py:109} INFO - Darlene Shields MD
[2022-04-17 23:14:22,663] {logging_mixin.py:109} INFO - Megan Rivers
[2022-04-17 23:14:22,663] {logging_mixin.py:109} INFO - Benjamin Mckenzie
[2022-04-17 23:14:22,664] {logging_mixin.py:109} INFO - Michael Willis
[2022-04-17 23:14:22,664] {logging_mixin.py:109} INFO - Joseph Oneill
[2022-04-17 23:14:22,665] {logging_mixin.py:109} INFO - Trevor Willis
[2022-04-17 23:14:22,665] {logging_mixin.py:109} INFO - Steven Baker
[2022-04-17 23:14:22,665] {logging_mixin.py:109} INFO - Amanda Peterson
[2022-04-17 23:14:22,666] {logging_mixin.py:109} INFO - Nicole Schultz
[2022-04-17 23:14:22,666] {logging_mixin.py:109} INFO - Mr. Stephen Bennett
[2022-04-17 23:14:22,667] {logging_mixin.py:109} INFO - Emily Horn
[2022-04-17 23:14:22,667] {logging_mixin.py:109} INFO - Jonathon Rodriguez
[2022-04-17 23:14:22,668] {logging_mixin.py:109} INFO - Jennifer James DDS
[2022-04-17 23:14:22,668] {logging_mixin.py:109} INFO - Erik Brown
[2022-04-17 23:14:22,669] {logging_mixin.py:109} INFO - Michelle Peterson
[2022-04-17 23:14:22,669] {logging_mixin.py:109} INFO - Cindy Garcia
[2022-04-17 23:14:22,669] {logging_mixin.py:109} INFO - Lisa Williams
[2022-04-17 23:14:22,670] {logging_mixin.py:109} INFO - Heather Cantu
[2022-04-17 23:14:22,670] {logging_mixin.py:109} INFO - Sierra Collins
[2022-04-17 23:14:22,670] {logging_mixin.py:109} INFO - Cheryl Moran
[2022-04-17 23:14:22,671] {logging_mixin.py:109} INFO - Martha Johnston
[2022-04-17 23:14:22,671] {logging_mixin.py:109} INFO - James Bartlett
[2022-04-17 23:14:22,672] {logging_mixin.py:109} INFO - Kelly Johnson
[2022-04-17 23:14:22,672] {logging_mixin.py:109} INFO - Kenneth Mann
[2022-04-17 23:14:22,672] {logging_mixin.py:109} INFO - Karen Hubbard
[2022-04-17 23:14:22,673] {logging_mixin.py:109} INFO - Roy Garcia
[2022-04-17 23:14:22,673] {logging_mixin.py:109} INFO - Andrew Jackson
[2022-04-17 23:14:22,674] {logging_mixin.py:109} INFO - Anna Mahoney
[2022-04-17 23:14:22,674] {logging_mixin.py:109} INFO - Dr. Kim Brady
[2022-04-17 23:14:22,674] {logging_mixin.py:109} INFO - Fred Li
[2022-04-17 23:14:22,675] {logging_mixin.py:109} INFO - Tracy Rios
[2022-04-17 23:14:22,675] {logging_mixin.py:109} INFO - Samuel Gonzalez
[2022-04-17 23:14:22,675] {logging_mixin.py:109} INFO - Tonya Watts
[2022-04-17 23:14:22,676] {logging_mixin.py:109} INFO - Robert Steele
[2022-04-17 23:14:22,676] {logging_mixin.py:109} INFO - Melanie Taylor
[2022-04-17 23:14:22,676] {logging_mixin.py:109} INFO - Gregory Lopez
[2022-04-17 23:14:22,677] {logging_mixin.py:109} INFO - Elizabeth Carroll
[2022-04-17 23:14:22,677] {logging_mixin.py:109} INFO - Jordan Dunn
[2022-04-17 23:14:22,678] {logging_mixin.py:109} INFO - Virginia Martin
[2022-04-17 23:14:22,678] {logging_mixin.py:109} INFO - Mr. Henry Cole MD
[2022-04-17 23:14:22,678] {logging_mixin.py:109} INFO - Jeffrey Hunt
[2022-04-17 23:14:22,679] {logging_mixin.py:109} INFO - Jennifer White
[2022-04-17 23:14:22,679] {logging_mixin.py:109} INFO - Lisa Padilla
[2022-04-17 23:14:22,680] {logging_mixin.py:109} INFO - Jesse Hernandez
[2022-04-17 23:14:22,680] {logging_mixin.py:109} INFO - Joel Stephens
[2022-04-17 23:14:22,680] {logging_mixin.py:109} INFO - Raymond Burch Jr.
[2022-04-17 23:14:22,681] {logging_mixin.py:109} INFO - William Montes
[2022-04-17 23:14:22,681] {logging_mixin.py:109} INFO - Michael Leach
[2022-04-17 23:14:22,681] {logging_mixin.py:109} INFO - Lori Trevino
[2022-04-17 23:14:22,682] {logging_mixin.py:109} INFO - Mary Nelson
[2022-04-17 23:14:22,682] {logging_mixin.py:109} INFO - Vincent Bates
[2022-04-17 23:14:22,683] {logging_mixin.py:109} INFO - Kimberly Rios
[2022-04-17 23:14:22,683] {logging_mixin.py:109} INFO - Brandon Duncan
[2022-04-17 23:14:22,683] {logging_mixin.py:109} INFO - Roberta Hopkins
[2022-04-17 23:14:22,684] {logging_mixin.py:109} INFO - Brenda Osborne
[2022-04-17 23:14:22,684] {logging_mixin.py:109} INFO - Angela Owens
[2022-04-17 23:14:22,685] {logging_mixin.py:109} INFO - Rachael Ortiz
[2022-04-17 23:14:22,685] {logging_mixin.py:109} INFO - Michelle Reed
[2022-04-17 23:14:22,685] {logging_mixin.py:109} INFO - Sarah Williams
[2022-04-17 23:14:22,686] {logging_mixin.py:109} INFO - Lisa Reyes
[2022-04-17 23:14:22,686] {logging_mixin.py:109} INFO - Kelly Craig
[2022-04-17 23:14:22,687] {logging_mixin.py:109} INFO - Jason Young
[2022-04-17 23:14:22,687] {logging_mixin.py:109} INFO - Emily Pacheco
[2022-04-17 23:14:22,687] {logging_mixin.py:109} INFO - Evan Hammond
[2022-04-17 23:14:22,688] {logging_mixin.py:109} INFO - Amy Allen
[2022-04-17 23:14:22,688] {logging_mixin.py:109} INFO - Jessica Howard
[2022-04-17 23:14:22,688] {logging_mixin.py:109} INFO - Mr. Edwin Blankenship
[2022-04-17 23:14:22,689] {logging_mixin.py:109} INFO - Robert Collins
[2022-04-17 23:14:22,689] {logging_mixin.py:109} INFO - Robert Boyd
[2022-04-17 23:14:22,690] {logging_mixin.py:109} INFO - Donna Matthews
[2022-04-17 23:14:22,690] {logging_mixin.py:109} INFO - Jennifer Carter
[2022-04-17 23:14:22,690] {logging_mixin.py:109} INFO - Samantha Powell
[2022-04-17 23:14:22,691] {logging_mixin.py:109} INFO - Travis Rodgers
[2022-04-17 23:14:22,691] {logging_mixin.py:109} INFO - Erica Burton
[2022-04-17 23:14:22,691] {logging_mixin.py:109} INFO - Norma Gilbert
[2022-04-17 23:14:22,702] {python.py:175} INFO - Done. Returned value was: None
[2022-04-17 23:14:22,715] {taskinstance.py:1278} INFO - Marking task as SUCCESS. dag_id=MyCSVDAG, task_id=convertCSVtoJson, execution_date=20220417T141253, start_date=20220417T141422, end_date=20220417T141422
[2022-04-17 23:14:22,760] {local_task_job.py:154} INFO - Task exited with return code 0
[2022-04-17 23:14:22,792] {local_task_job.py:264} INFO - 0 downstream tasks scheduled from follow-on schedule check
