[2022-04-17 23:12:28,202] {processor.py:163} INFO - Started process (PID=623) to work on /mnt/c/edu/airflow/dags/csv2json.py
[2022-04-17 23:12:28,203] {processor.py:642} INFO - Processing file /mnt/c/edu/airflow/dags/csv2json.py for tasks to queue
[2022-04-17 23:12:28,203] {logging_mixin.py:109} INFO - [2022-04-17 23:12:28,203] {dagbag.py:500} INFO - Filling up the DagBag from /mnt/c/edu/airflow/dags/csv2json.py
[2022-04-17 23:12:33,026] {processor.py:652} INFO - DAG(s) dict_keys(['MyCSVDAG']) retrieved from /mnt/c/edu/airflow/dags/csv2json.py
[2022-04-17 23:12:44,869] {logging_mixin.py:109} INFO - [2022-04-17 23:12:44,868] {manager.py:496} INFO - Created Permission View: can edit on DAG:MyCSVDAG
[2022-04-17 23:12:44,910] {logging_mixin.py:109} INFO - [2022-04-17 23:12:44,909] {manager.py:496} INFO - Created Permission View: can read on DAG:MyCSVDAG
[2022-04-17 23:12:44,910] {logging_mixin.py:109} INFO - [2022-04-17 23:12:44,910] {dag.py:2398} INFO - Sync 1 DAGs
[2022-04-17 23:12:44,922] {logging_mixin.py:109} INFO - [2022-04-17 23:12:44,922] {dag.py:2417} INFO - Creating ORM DAG for MyCSVDAG
[2022-04-17 23:12:44,931] {logging_mixin.py:109} INFO - [2022-04-17 23:12:44,930] {dag.py:2937} INFO - Setting next_dagrun for MyCSVDAG to 2020-03-18T00:00:00+00:00
[2022-04-17 23:12:44,980] {processor.py:171} INFO - Processing /mnt/c/edu/airflow/dags/csv2json.py took 16.779 seconds
[2022-04-17 23:12:46,208] {processor.py:163} INFO - Started process (PID=754) to work on /mnt/c/edu/airflow/dags/csv2json.py
[2022-04-17 23:12:46,210] {processor.py:642} INFO - Processing file /mnt/c/edu/airflow/dags/csv2json.py for tasks to queue
[2022-04-17 23:12:46,212] {logging_mixin.py:109} INFO - [2022-04-17 23:12:46,211] {dagbag.py:500} INFO - Filling up the DagBag from /mnt/c/edu/airflow/dags/csv2json.py
[2022-04-17 23:12:49,816] {processor.py:652} INFO - DAG(s) dict_keys(['MyCSVDAG']) retrieved from /mnt/c/edu/airflow/dags/csv2json.py
[2022-04-17 23:12:49,822] {logging_mixin.py:109} INFO - [2022-04-17 23:12:49,822] {dag.py:2398} INFO - Sync 1 DAGs
[2022-04-17 23:12:49,832] {logging_mixin.py:109} INFO - [2022-04-17 23:12:49,832] {dag.py:2937} INFO - Setting next_dagrun for MyCSVDAG to 2020-03-18T00:00:00+00:00
[2022-04-17 23:12:49,865] {processor.py:171} INFO - Processing /mnt/c/edu/airflow/dags/csv2json.py took 3.665 seconds
[2022-04-17 23:12:50,161] {processor.py:163} INFO - Started process (PID=792) to work on /mnt/c/edu/airflow/dags/csv2json.py
[2022-04-17 23:12:50,162] {processor.py:642} INFO - Processing file /mnt/c/edu/airflow/dags/csv2json.py for tasks to queue
[2022-04-17 23:12:50,162] {logging_mixin.py:109} INFO - [2022-04-17 23:12:50,162] {dagbag.py:500} INFO - Filling up the DagBag from /mnt/c/edu/airflow/dags/csv2json.py
[2022-04-17 23:12:52,408] {processor.py:652} INFO - DAG(s) dict_keys(['MyCSVDAG']) retrieved from /mnt/c/edu/airflow/dags/csv2json.py
[2022-04-17 23:12:52,417] {logging_mixin.py:109} INFO - [2022-04-17 23:12:52,417] {dag.py:2398} INFO - Sync 1 DAGs
[2022-04-17 23:12:52,427] {logging_mixin.py:109} INFO - [2022-04-17 23:12:52,427] {dag.py:2937} INFO - Setting next_dagrun for MyCSVDAG to 2020-03-18T00:00:00+00:00
[2022-04-17 23:12:52,450] {processor.py:171} INFO - Processing /mnt/c/edu/airflow/dags/csv2json.py took 2.290 seconds
[2022-04-17 23:12:53,568] {processor.py:163} INFO - Started process (PID=815) to work on /mnt/c/edu/airflow/dags/csv2json.py
[2022-04-17 23:12:53,569] {processor.py:642} INFO - Processing file /mnt/c/edu/airflow/dags/csv2json.py for tasks to queue
[2022-04-17 23:12:53,570] {logging_mixin.py:109} INFO - [2022-04-17 23:12:53,570] {dagbag.py:500} INFO - Filling up the DagBag from /mnt/c/edu/airflow/dags/csv2json.py
[2022-04-17 23:12:56,032] {processor.py:652} INFO - DAG(s) dict_keys(['MyCSVDAG']) retrieved from /mnt/c/edu/airflow/dags/csv2json.py
[2022-04-17 23:12:56,040] {logging_mixin.py:109} INFO - [2022-04-17 23:12:56,039] {dag.py:2398} INFO - Sync 1 DAGs
[2022-04-17 23:12:56,049] {logging_mixin.py:109} INFO - [2022-04-17 23:12:56,049] {dag.py:2937} INFO - Setting next_dagrun for MyCSVDAG to 2020-03-18T00:00:00+00:00
[2022-04-17 23:12:56,076] {processor.py:171} INFO - Processing /mnt/c/edu/airflow/dags/csv2json.py took 2.510 seconds
[2022-04-17 23:13:15,450] {processor.py:163} INFO - Started process (PID=1100) to work on /mnt/c/edu/airflow/dags/csv2json.py
[2022-04-17 23:13:15,451] {processor.py:642} INFO - Processing file /mnt/c/edu/airflow/dags/csv2json.py for tasks to queue
[2022-04-17 23:13:15,451] {logging_mixin.py:109} INFO - [2022-04-17 23:13:15,451] {dagbag.py:500} INFO - Filling up the DagBag from /mnt/c/edu/airflow/dags/csv2json.py
[2022-04-17 23:13:17,824] {processor.py:652} INFO - DAG(s) dict_keys(['MyCSVDAG']) retrieved from /mnt/c/edu/airflow/dags/csv2json.py
[2022-04-17 23:13:17,835] {logging_mixin.py:109} INFO - [2022-04-17 23:13:17,834] {dag.py:2398} INFO - Sync 1 DAGs
[2022-04-17 23:13:17,844] {logging_mixin.py:109} INFO - [2022-04-17 23:13:17,844] {dag.py:2937} INFO - Setting next_dagrun for MyCSVDAG to 2020-03-18T00:05:00+00:00
[2022-04-17 23:13:17,869] {processor.py:171} INFO - Processing /mnt/c/edu/airflow/dags/csv2json.py took 2.421 seconds
