[2022-04-17 23:13:05,550] {taskinstance.py:1043} INFO - Dependencies all met for <TaskInstance: MyCSVDAG.starting scheduled__2020-03-18T00:00:00+00:00 [queued]>
[2022-04-17 23:13:05,560] {taskinstance.py:1043} INFO - Dependencies all met for <TaskInstance: MyCSVDAG.starting scheduled__2020-03-18T00:00:00+00:00 [queued]>
[2022-04-17 23:13:05,560] {taskinstance.py:1249} INFO - 
--------------------------------------------------------------------------------
[2022-04-17 23:13:05,560] {taskinstance.py:1250} INFO - Starting attempt 1 of 2
[2022-04-17 23:13:05,560] {taskinstance.py:1251} INFO - 
--------------------------------------------------------------------------------
[2022-04-17 23:13:05,583] {taskinstance.py:1270} INFO - Executing <Task(BashOperator): starting> on 2020-03-18 00:00:00+00:00
[2022-04-17 23:13:05,585] {standard_task_runner.py:52} INFO - Started process 967 to run task
[2022-04-17 23:13:05,587] {standard_task_runner.py:79} INFO - Running: ['airflow', 'tasks', 'run', 'MyCSVDAG', 'starting', 'scheduled__2020-03-18T00:00:00+00:00', '--job-id', '2', '--raw', '--subdir', 'DAGS_FOLDER/csv2json.py', '--cfg-path', '/tmp/tmp_jlk0jaf', '--error-file', '/tmp/tmpapptao6g']
[2022-04-17 23:13:05,588] {standard_task_runner.py:80} INFO - Job 2: Subtask starting
[2022-04-17 23:13:05,635] {logging_mixin.py:109} INFO - Running <TaskInstance: MyCSVDAG.starting scheduled__2020-03-18T00:00:00+00:00 [running]> on host evan.localdomain
[2022-04-17 23:13:05,705] {taskinstance.py:1446} INFO - Exporting the following env vars:
AIRFLOW_CTX_DAG_OWNER=evan
AIRFLOW_CTX_DAG_ID=MyCSVDAG
AIRFLOW_CTX_TASK_ID=starting
AIRFLOW_CTX_EXECUTION_DATE=2020-03-18T00:00:00+00:00
AIRFLOW_CTX_DAG_RUN_ID=scheduled__2020-03-18T00:00:00+00:00
[2022-04-17 23:13:05,706] {subprocess.py:62} INFO - Tmp dir root location: 
 /tmp
[2022-04-17 23:13:05,706] {subprocess.py:74} INFO - Running command: ['bash', '-c', 'echo "I am reading the CSV now....."']
[2022-04-17 23:13:05,710] {subprocess.py:85} INFO - Output:
[2022-04-17 23:13:05,712] {subprocess.py:89} INFO - I am reading the CSV now.....
[2022-04-17 23:13:05,712] {subprocess.py:93} INFO - Command exited with return code 0
[2022-04-17 23:13:05,739] {taskinstance.py:1278} INFO - Marking task as SUCCESS. dag_id=MyCSVDAG, task_id=starting, execution_date=20200318T000000, start_date=20220417T141305, end_date=20220417T141305
[2022-04-17 23:13:05,800] {local_task_job.py:154} INFO - Task exited with return code 0
[2022-04-17 23:13:05,835] {local_task_job.py:264} INFO - 1 downstream tasks scheduled from follow-on schedule check
