[2022-04-17 23:12:28,113] {manager.py:517} INFO - Processing files using up to 1 processes at a time 
[2022-04-17 23:12:28,113] {manager.py:518} INFO - Process each file at most once every 30 seconds
[2022-04-17 23:12:28,113] {manager.py:519} INFO - Checking for new files in /mnt/c/edu/airflow/dags every 300 seconds
[2022-04-17 23:12:28,114] {manager.py:704} INFO - Searching for files in /mnt/c/edu/airflow/dags
[2022-04-17 23:12:28,123] {manager.py:707} INFO - There are 1 files in /mnt/c/edu/airflow/dags
[2022-04-17 23:12:28,175] {manager.py:1106} INFO - Finding 'running' jobs without a recent heartbeat
[2022-04-17 23:12:28,175] {manager.py:1110} INFO - Failing jobs without heartbeat after 2022-04-17 14:07:28.175471+00:00
[2022-04-17 23:12:45,030] {manager.py:825} INFO - 
================================================================================
DAG File Processing Stats

File Path                            PID    Runtime      # DAGs    # Errors  Last Runtime    Last Run
-----------------------------------  -----  ---------  --------  ----------  --------------  -------------------
/mnt/c/edu/airflow/dags/csv2json.py                           1           0  16.84s          2022-04-17T14:12:45
================================================================================
[2022-04-17 23:12:46,161] {manager.py:1106} INFO - Finding 'running' jobs without a recent heartbeat
[2022-04-17 23:12:46,162] {manager.py:1110} INFO - Failing jobs without heartbeat after 2022-04-17 14:07:46.162348+00:00
[2022-04-17 23:13:15,427] {manager.py:1106} INFO - Finding 'running' jobs without a recent heartbeat
[2022-04-17 23:13:15,428] {manager.py:1110} INFO - Failing jobs without heartbeat after 2022-04-17 14:08:15.428192+00:00
[2022-04-17 23:13:17,945] {manager.py:825} INFO - 
================================================================================
DAG File Processing Stats

File Path                            PID    Runtime      # DAGs    # Errors  Last Runtime    Last Run
-----------------------------------  -----  ---------  --------  ----------  --------------  -------------------
/mnt/c/edu/airflow/dags/csv2json.py                           1           0  2.51s           2022-04-17T14:13:17
================================================================================
[2022-04-17 23:13:45,954] {manager.py:498} INFO - Exiting gracefully upon receiving signal 15
